# JRE version: Java(TM) SE Runtime Environment (7.0_45-b18) (build 1.7.0_45-b18)
# Java VM: Java HotSpot(TM) Server VM (24.45-b08 mixed mode linux-x86 )
Heap
 PSYoungGen      total 64000K, used 2557K [0x9df80000, 0xa2080000, 0xb3500000)
  eden space 61440K, 0% used [0x9df80000,0x9df80000,0xa1b80000)
  from space 2560K, 99% used [0xa1b80000,0xa1dff6d8,0xa1e00000)
  to   space 2560K, 0% used [0xa1e00000,0xa1e00000,0xa2080000)
 ParOldGen       total 45312K, used 42032K [0x73500000, 0x76140000, 0x9df80000)
  object space 45312K, 92% used [0x73500000,0x75e0c078,0x76140000)
 PSPermGen       total 16384K, used 4533K [0x6f500000, 0x70500000, 0x73500000)
  object space 16384K, 27% used [0x6f500000,0x6f96d528,0x70500000)
GC Heap History (9 events):
Event: 1,251 GC heap before
{Heap before GC invocations=1 (full 0):
 PSYoungGen      total 17920K, used 14803K [0x9df80000, 0x9f380000, 0xb3500000)
  eden space 15360K, 96% used [0x9df80000,0x9edf4d00,0x9ee80000)
  from space 2560K, 0% used [0x9f100000,0x9f100000,0x9f380000)
  to   space 2560K, 0% used [0x9ee80000,0x9ee80000,0x9f100000)
 ParOldGen       total 40704K, used 0K [0x73500000, 0x75cc0000, 0x9df80000)
  object space 40704K, 0% used [0x73500000,0x73500000,0x75cc0000)
 PSPermGen       total 16384K, used 2737K [0x6f500000, 0x70500000, 0x73500000)
  object space 16384K, 16% used [0x6f500000,0x6f7ac448,0x70500000)
Event: 1,263 GC heap after
Heap after GC invocations=1 (full 0):
 PSYoungGen      total 17920K, used 1536K [0x9df80000, 0xa0280000, 0xb3500000)
  eden space 15360K, 0% used [0x9df80000,0x9df80000,0x9ee80000)
  from space 2560K, 60% used [0x9ee80000,0x9f000248,0x9f100000)
  to   space 2560K, 0% used [0xa0000000,0xa0000000,0xa0280000)
 ParOldGen       total 40704K, used 5000K [0x73500000, 0x75cc0000, 0x9df80000)
  object space 40704K, 12% used [0x73500000,0x739e2010,0x75cc0000)
 PSPermGen       total 16384K, used 2737K [0x6f500000, 0x70500000, 0x73500000)
  object space 16384K, 16% used [0x6f500000,0x6f7ac448,0x70500000)
}
Event: 1,577 GC heap before
{Heap before GC invocations=2 (full 0):
 PSYoungGen      total 17920K, used 16896K [0x9df80000, 0xa0280000, 0xb3500000)
  eden space 15360K, 100% used [0x9df80000,0x9ee80000,0x9ee80000)
  from space 2560K, 60% used [0x9ee80000,0x9f000248,0x9f100000)
  to   space 2560K, 0% used [0xa0000000,0xa0000000,0xa0280000)
 ParOldGen       total 40704K, used 5000K [0x73500000, 0x75cc0000, 0x9df80000)
  object space 40704K, 12% used [0x73500000,0x739e2010,0x75cc0000)
 PSPermGen       total 16384K, used 3183K [0x6f500000, 0x70500000, 0x73500000)
  object space 16384K, 19% used [0x6f500000,0x6f81bd08,0x70500000)
Event: 1,582 GC heap after
Heap after GC invocations=2 (full 0):
 PSYoungGen      total 33280K, used 2550K [0x9df80000, 0xa0280000, 0xb3500000)
  eden space 30720K, 0% used [0x9df80000,0x9df80000,0x9fd80000)
  from space 2560K, 99% used [0xa0000000,0xa027db98,0xa0280000)
  to   space 2560K, 0% used [0x9fd80000,0x9fd80000,0xa0000000)
 ParOldGen       total 40704K, used 9428K [0x73500000, 0x75cc0000, 0x9df80000)
  object space 40704K, 23% used [0x73500000,0x73e350e0,0x75cc0000)
 PSPermGen       total 16384K, used 3183K [0x6f500000, 0x70500000, 0x73500000)
  object space 16384K, 19% used [0x6f500000,0x6f81bd08,0x70500000)
}
Event: 2,859 GC heap before
{Heap before GC invocations=3 (full 0):
 PSYoungGen      total 33280K, used 33270K [0x9df80000, 0xa0280000, 0xb3500000)
  eden space 30720K, 100% used [0x9df80000,0x9fd80000,0x9fd80000)
  from space 2560K, 99% used [0xa0000000,0xa027db98,0xa0280000)
  to   space 2560K, 0% used [0x9fd80000,0x9fd80000,0xa0000000)
 ParOldGen       total 40704K, used 9428K [0x73500000, 0x75cc0000, 0x9df80000)
  object space 40704K, 23% used [0x73500000,0x73e350e0,0x75cc0000)
 PSPermGen       total 16384K, used 3499K [0x6f500000, 0x70500000, 0x73500000)
  object space 16384K, 21% used [0x6f500000,0x6f86ad50,0x70500000)
Event: 2,875 GC heap after
Heap after GC invocations=3 (full 0):
 PSYoungGen      total 33280K, used 2545K [0x9df80000, 0xa2080000, 0xb3500000)
  eden space 30720K, 0% used [0x9df80000,0x9df80000,0x9fd80000)
  from space 2560K, 99% used [0x9fd80000,0x9fffc430,0xa0000000)
  to   space 2560K, 0% used [0xa1e00000,0xa1e00000,0xa2080000)
 ParOldGen       total 40704K, used 14903K [0x73500000, 0x75cc0000, 0x9df80000)
  object space 40704K, 36% used [0x73500000,0x7438de38,0x75cc0000)
 PSPermGen       total 16384K, used 3499K [0x6f500000, 0x70500000, 0x73500000)
  object space 16384K, 21% used [0x6f500000,0x6f86ad50,0x70500000)
}
Event: 6,078 GC heap before
{Heap before GC invocations=4 (full 0):
 PSYoungGen      total 33280K, used 33265K [0x9df80000, 0xa2080000, 0xb3500000)
  eden space 30720K, 100% used [0x9df80000,0x9fd80000,0x9fd80000)
  from space 2560K, 99% used [0x9fd80000,0x9fffc430,0xa0000000)
  to   space 2560K, 0% used [0xa1e00000,0xa1e00000,0xa2080000)
 ParOldGen       total 40704K, used 14903K [0x73500000, 0x75cc0000, 0x9df80000)
  object space 40704K, 36% used [0x73500000,0x7438de38,0x75cc0000)
 PSPermGen       total 16384K, used 4193K [0x6f500000, 0x70500000, 0x73500000)
  object space 16384K, 25% used [0x6f500000,0x6f918688,0x70500000)
Event: 6,091 GC heap after
Heap after GC invocations=4 (full 0):
 PSYoungGen      total 64000K, used 2550K [0x9df80000, 0xa2080000, 0xb3500000)
  eden space 61440K, 0% used [0x9df80000,0x9df80000,0xa1b80000)
  from space 2560K, 99% used [0xa1e00000,0xa207d900,0xa2080000)
  to   space 2560K, 0% used [0xa1b80000,0xa1b80000,0xa1e00000)
 ParOldGen       total 40704K, used 20820K [0x73500000, 0x75cc0000, 0x9df80000)
  object space 40704K, 51% used [0x73500000,0x74955260,0x75cc0000)
 PSPermGen       total 16384K, used 4193K [0x6f500000, 0x70500000, 0x73500000)
  object space 16384K, 25% used [0x6f500000,0x6f918688,0x70500000)
}
Event: 8,241 GC heap before
{Heap before GC invocations=5 (full 0):
 PSYoungGen      total 64000K, used 63990K [0x9df80000, 0xa2080000, 0xb3500000)
  eden space 61440K, 100% used [0x9df80000,0xa1b80000,0xa1b80000)
  from space 2560K, 99% used [0xa1e00000,0xa207d900,0xa2080000)
  to   space 2560K, 0% used [0xa1b80000,0xa1b80000,0xa1e00000)
 ParOldGen       total 40704K, used 20820K [0x73500000, 0x75cc0000, 0x9df80000)
  object space 40704K, 51% used [0x73500000,0x74955260,0x75cc0000)
 PSPermGen       total 16384K, used 4533K [0x6f500000, 0x70500000, 0x73500000)
  object space 16384K, 27% used [0x6f500000,0x6f96d528,0x70500000)

