# JRE version: Java(TM) SE Runtime Environment (7.0_45-b18) (build 1.7.0_45-b18)
# Java VM: Java HotSpot(TM) Server VM (24.45-b08 mixed mode linux-x86 )
Heap
 PSYoungGen      total 222720K, used 24918K [0x9e040000, 0xae4c0000, 0xb35c0000)
  eden space 191232K, 0% used [0x9e040000,0x9e040000,0xa9b00000)
  from space 31488K, 79% used [0xa9b00000,0xab3559d0,0xab9c0000)
  to   space 28416K, 0% used [0xab9c0000,0xab9c0000,0xad580000)
 ParOldGen       total 63232K, used 38023K [0x735c0000, 0x77380000, 0x9e040000)
  object space 63232K, 60% used [0x735c0000,0x75ae1e58,0x77380000)
 PSPermGen       total 16384K, used 4530K [0x6f5c0000, 0x705c0000, 0x735c0000)
  object space 16384K, 27% used [0x6f5c0000,0x6fa2cb18,0x705c0000)
GC Heap History (10 events):
Event: 4,643 GC heap after
Heap after GC invocations=7 (full 1):
 PSYoungGen      total 101376K, used 8728K [0x9e040000, 0xa7940000, 0xb35c0000)
  eden space 92416K, 0% used [0x9e040000,0x9e040000,0xa3a80000)
  from space 8960K, 97% used [0xa7080000,0xa7906190,0xa7940000)
  to   space 23040K, 0% used [0xa4c40000,0xa4c40000,0xa62c0000)
 ParOldGen       total 63232K, used 21117K [0x735c0000, 0x77380000, 0x9e040000)
  object space 63232K, 33% used [0x735c0000,0x74a5f4e0,0x77380000)
 PSPermGen       total 16384K, used 4521K [0x6f5c0000, 0x705c0000, 0x735c0000)
  object space 16384K, 27% used [0x6f5c0000,0x6fa2a478,0x705c0000)
}
Event: 4,986 GC heap before
{Heap before GC invocations=8 (full 1):
 PSYoungGen      total 101376K, used 101144K [0x9e040000, 0xa7940000, 0xb35c0000)
  eden space 92416K, 100% used [0x9e040000,0xa3a80000,0xa3a80000)
  from space 8960K, 97% used [0xa7080000,0xa7906190,0xa7940000)
  to   space 23040K, 0% used [0xa4c40000,0xa4c40000,0xa62c0000)
 ParOldGen       total 63232K, used 21117K [0x735c0000, 0x77380000, 0x9e040000)
  object space 63232K, 33% used [0x735c0000,0x74a5f4e0,0x77380000)
 PSPermGen       total 16384K, used 4523K [0x6f5c0000, 0x705c0000, 0x735c0000)
  object space 16384K, 27% used [0x6f5c0000,0x6fa2ae98,0x705c0000)
Event: 4,997 GC heap after
Heap after GC invocations=8 (full 1):
 PSYoungGen      total 133632K, used 19300K [0x9e040000, 0xa9f40000, 0xb35c0000)
  eden space 110592K, 0% used [0x9e040000,0x9e040000,0xa4c40000)
  from space 23040K, 83% used [0xa4c40000,0xa5f19060,0xa62c0000)
  to   space 25856K, 0% used [0xa8600000,0xa8600000,0xa9f40000)
 ParOldGen       total 63232K, used 31572K [0x735c0000, 0x77380000, 0x9e040000)
  object space 63232K, 49% used [0x735c0000,0x75495020,0x77380000)
 PSPermGen       total 16384K, used 4523K [0x6f5c0000, 0x705c0000, 0x735c0000)
  object space 16384K, 27% used [0x6f5c0000,0x6fa2ae98,0x705c0000)
}
Event: 5,319 GC heap before
{Heap before GC invocations=9 (full 1):
 PSYoungGen      total 133632K, used 126029K [0x9e040000, 0xa9f40000, 0xb35c0000)
  eden space 110592K, 96% used [0x9e040000,0xa487a3c0,0xa4c40000)
  from space 23040K, 83% used [0xa4c40000,0xa5f19060,0xa62c0000)
  to   space 25856K, 0% used [0xa8600000,0xa8600000,0xa9f40000)
 ParOldGen       total 63232K, used 31572K [0x735c0000, 0x77380000, 0x9e040000)
  object space 63232K, 49% used [0x735c0000,0x75495020,0x77380000)
 PSPermGen       total 16384K, used 4525K [0x6f5c0000, 0x705c0000, 0x735c0000)
  object space 16384K, 27% used [0x6f5c0000,0x6fa2b718,0x705c0000)
Event: 5,323 GC heap after
Heap after GC invocations=9 (full 1):
 PSYoungGen      total 170752K, used 7025K [0x9e040000, 0xab6c0000, 0xb35c0000)
  eden space 144896K, 0% used [0x9e040000,0x9e040000,0xa6dc0000)
  from space 25856K, 27% used [0xa8600000,0xa8cdc470,0xa9f40000)
  to   space 24832K, 0% used [0xa6dc0000,0xa6dc0000,0xa8600000)
 ParOldGen       total 63232K, used 31572K [0x735c0000, 0x77380000, 0x9e040000)
  object space 63232K, 49% used [0x735c0000,0x75495020,0x77380000)
 PSPermGen       total 16384K, used 4525K [0x6f5c0000, 0x705c0000, 0x735c0000)
  object space 16384K, 27% used [0x6f5c0000,0x6fa2b718,0x705c0000)
}
Event: 6,197 GC heap before
{Heap before GC invocations=10 (full 1):
 PSYoungGen      total 170752K, used 151921K [0x9e040000, 0xab6c0000, 0xb35c0000)
  eden space 144896K, 100% used [0x9e040000,0xa6dc0000,0xa6dc0000)
  from space 25856K, 27% used [0xa8600000,0xa8cdc470,0xa9f40000)
  to   space 24832K, 0% used [0xa6dc0000,0xa6dc0000,0xa8600000)
 ParOldGen       total 63232K, used 31572K [0x735c0000, 0x77380000, 0x9e040000)
  object space 63232K, 49% used [0x735c0000,0x75495020,0x77380000)
 PSPermGen       total 16384K, used 4527K [0x6f5c0000, 0x705c0000, 0x735c0000)
  object space 16384K, 27% used [0x6f5c0000,0x6fa2bea0,0x705c0000)
Event: 6,221 GC heap after
Heap after GC invocations=10 (full 1):
 PSYoungGen      total 169728K, used 23236K [0x9e040000, 0xad580000, 0xb35c0000)
  eden space 144896K, 0% used [0x9e040000,0x9e040000,0xa6dc0000)
  from space 24832K, 93% used [0xa6dc0000,0xa84710e0,0xa8600000)
  to   space 28416K, 0% used [0xab9c0000,0xab9c0000,0xad580000)
 ParOldGen       total 63232K, used 31572K [0x735c0000, 0x77380000, 0x9e040000)
  object space 63232K, 49% used [0x735c0000,0x75495020,0x77380000)
 PSPermGen       total 16384K, used 4527K [0x6f5c0000, 0x705c0000, 0x735c0000)
  object space 16384K, 27% used [0x6f5c0000,0x6fa2bea0,0x705c0000)
}
Event: 6,559 GC heap before
{Heap before GC invocations=11 (full 1):
 PSYoungGen      total 169728K, used 168132K [0x9e040000, 0xad580000, 0xb35c0000)
  eden space 144896K, 100% used [0x9e040000,0xa6dc0000,0xa6dc0000)
  from space 24832K, 93% used [0xa6dc0000,0xa84710e0,0xa8600000)
  to   space 28416K, 0% used [0xab9c0000,0xab9c0000,0xad580000)
 ParOldGen       total 63232K, used 31572K [0x735c0000, 0x77380000, 0x9e040000)
  object space 63232K, 49% used [0x735c0000,0x75495020,0x77380000)
 PSPermGen       total 16384K, used 4529K [0x6f5c0000, 0x705c0000, 0x735c0000)
  object space 16384K, 27% used [0x6f5c0000,0x6fa2c628,0x705c0000)
Event: 6,583 GC heap after
Heap after GC invocations=11 (full 1):
 PSYoungGen      total 219648K, used 24816K [0x9e040000, 0xae4c0000, 0xb35c0000)
  eden space 191232K, 0% used [0x9e040000,0x9e040000,0xa9b00000)
  from space 28416K, 87% used [0xab9c0000,0xad1fc188,0xad580000)
  to   space 31488K, 0% used [0xa9b00000,0xa9b00000,0xab9c0000)
 ParOldGen       total 63232K, used 38023K [0x735c0000, 0x77380000, 0x9e040000)
  object space 63232K, 60% used [0x735c0000,0x75ae1e58,0x77380000)
 PSPermGen       total 16384K, used 4529K [0x6f5c0000, 0x705c0000, 0x735c0000)
  object space 16384K, 27% used [0x6f5c0000,0x6fa2c628,0x705c0000)
}
Event: 7,042 GC heap before
{Heap before GC invocations=12 (full 1):
 PSYoungGen      total 219648K, used 216048K [0x9e040000, 0xae4c0000, 0xb35c0000)
  eden space 191232K, 100% used [0x9e040000,0xa9b00000,0xa9b00000)
  from space 28416K, 87% used [0xab9c0000,0xad1fc188,0xad580000)
  to   space 31488K, 0% used [0xa9b00000,0xa9b00000,0xab9c0000)
 ParOldGen       total 63232K, used 38023K [0x735c0000, 0x77380000, 0x9e040000)
  object space 63232K, 60% used [0x735c0000,0x75ae1e58,0x77380000)
 PSPermGen       total 16384K, used 4530K [0x6f5c0000, 0x705c0000, 0x735c0000)
  object space 16384K, 27% used [0x6f5c0000,0x6fa2cb18,0x705c0000)

