# JRE version: Java(TM) SE Runtime Environment (7.0_45-b18) (build 1.7.0_45-b18)
# Java VM: Java HotSpot(TM) Server VM (24.45-b08 mixed mode linux-x86 )
Heap
 PSYoungGen      total 17920K, used 2547K [0x9df80000, 0x9f380000, 0xb3500000)
  eden space 15360K, 0% used [0x9df80000,0x9df80000,0x9ee80000)
  from space 2560K, 99% used [0x9f100000,0x9f37ce58,0x9f380000)
  to   space 2560K, 0% used [0x9ee80000,0x9ee80000,0x9f100000)
 ParOldGen       total 40704K, used 5223K [0x73500000, 0x75cc0000, 0x9df80000)
  object space 40704K, 12% used [0x73500000,0x73a19e18,0x75cc0000)
 PSPermGen       total 16384K, used 2359K [0x6f500000, 0x70500000, 0x73500000)
  object space 16384K, 14% used [0x6f500000,0x6f74dca0,0x70500000)
GC Heap History (3 events):
Event: 1,929 GC heap before
{Heap before GC invocations=1 (full 0):
 PSYoungGen      total 17920K, used 14130K [0x9df80000, 0x9f380000, 0xb3500000)
  eden space 15360K, 91% used [0x9df80000,0x9ed4ca58,0x9ee80000)
  from space 2560K, 0% used [0x9f100000,0x9f100000,0x9f380000)
  to   space 2560K, 0% used [0x9ee80000,0x9ee80000,0x9f100000)
 ParOldGen       total 40704K, used 0K [0x73500000, 0x75cc0000, 0x9df80000)
  object space 40704K, 0% used [0x73500000,0x73500000,0x75cc0000)
 PSPermGen       total 16384K, used 2330K [0x6f500000, 0x70500000, 0x73500000)
  object space 16384K, 14% used [0x6f500000,0x6f746ab8,0x70500000)
Event: 1,937 GC heap after
Heap after GC invocations=1 (full 0):
 PSYoungGen      total 17920K, used 2552K [0x9df80000, 0x9f380000, 0xb3500000)
  eden space 15360K, 0% used [0x9df80000,0x9df80000,0x9ee80000)
  from space 2560K, 99% used [0x9ee80000,0x9f0fe290,0x9f100000)
  to   space 2560K, 0% used [0x9f100000,0x9f100000,0x9f380000)
 ParOldGen       total 40704K, used 1885K [0x73500000, 0x75cc0000, 0x9df80000)
  object space 40704K, 4% used [0x73500000,0x736d7768,0x75cc0000)
 PSPermGen       total 16384K, used 2330K [0x6f500000, 0x70500000, 0x73500000)
  object space 16384K, 14% used [0x6f500000,0x6f746ab8,0x70500000)
}
Event: 2,174 GC heap before
{Heap before GC invocations=2 (full 0):
 PSYoungGen      total 17920K, used 17842K [0x9df80000, 0x9f380000, 0xb3500000)
  eden space 15360K, 99% used [0x9df80000,0x9ee6e720,0x9ee80000)
  from space 2560K, 99% used [0x9ee80000,0x9f0fe290,0x9f100000)
  to   space 2560K, 0% used [0x9f100000,0x9f100000,0x9f380000)
 ParOldGen       total 40704K, used 1885K [0x73500000, 0x75cc0000, 0x9df80000)
  object space 40704K, 4% used [0x73500000,0x736d7768,0x75cc0000)
 PSPermGen       total 16384K, used 2359K [0x6f500000, 0x70500000, 0x73500000)
  object space 16384K, 14% used [0x6f500000,0x6f74dca0,0x70500000)

