# JRE version: Java(TM) SE Runtime Environment (7.0_45-b18) (build 1.7.0_45-b18)
# Java VM: Java HotSpot(TM) Server VM (24.45-b08 mixed mode linux-x86 )
Heap
 PSYoungGen      total 159744K, used 28660K [0x9df80000, 0xaa480000, 0xb3500000)
  eden space 124928K, 0% used [0x9df80000,0x9df80000,0xa5980000)
  from space 34816K, 82% used [0xa5980000,0xa757d1f0,0xa7b80000)
  to   space 30208K, 0% used [0xa7b80000,0xa7b80000,0xa9900000)
 ParOldGen       total 54784K, used 33328K [0x73500000, 0x76a80000, 0x9df80000)
  object space 54784K, 60% used [0x73500000,0x7558c0e0,0x76a80000)
 PSPermGen       total 16384K, used 4543K [0x6f500000, 0x70500000, 0x73500000)
  object space 16384K, 27% used [0x6f500000,0x6f96fc20,0x70500000)
GC Heap History (10 events):
Event: 6,565 GC heap after
Heap after GC invocations=9 (full 1):
 PSYoungGen      total 86016K, used 19509K [0x9df80000, 0xa5f00000, 0xb3500000)
  eden space 61440K, 0% used [0x9df80000,0x9df80000,0xa1b80000)
  from space 24576K, 79% used [0xa3640000,0xa494d798,0xa4e40000)
  to   space 27392K, 0% used [0xa1b80000,0xa1b80000,0xa3640000)
 ParOldGen       total 54784K, used 21866K [0x73500000, 0x76a80000, 0x9df80000)
  object space 54784K, 39% used [0x73500000,0x74a5a890,0x76a80000)
 PSPermGen       total 16384K, used 4535K [0x6f500000, 0x70500000, 0x73500000)
  object space 16384K, 27% used [0x6f500000,0x6f96de78,0x70500000)
}
Event: 6,810 GC heap before
{Heap before GC invocations=10 (full 1):
 PSYoungGen      total 86016K, used 80949K [0x9df80000, 0xa5f00000, 0xb3500000)
  eden space 61440K, 100% used [0x9df80000,0xa1b80000,0xa1b80000)
  from space 24576K, 79% used [0xa3640000,0xa494d798,0xa4e40000)
  to   space 27392K, 0% used [0xa1b80000,0xa1b80000,0xa3640000)
 ParOldGen       total 54784K, used 21866K [0x73500000, 0x76a80000, 0x9df80000)
  object space 54784K, 39% used [0x73500000,0x74a5a890,0x76a80000)
 PSPermGen       total 16384K, used 4538K [0x6f500000, 0x70500000, 0x73500000)
  object space 16384K, 27% used [0x6f500000,0x6f96e8a8,0x70500000)
Event: 6,839 GC heap after
Heap after GC invocations=10 (full 1):
 PSYoungGen      total 88832K, used 16811K [0x9df80000, 0xa6f80000, 0xb3500000)
  eden space 61440K, 0% used [0x9df80000,0x9df80000,0xa1b80000)
  from space 27392K, 61% used [0xa1b80000,0xa2beac50,0xa3640000)
  to   space 28160K, 0% used [0xa5400000,0xa5400000,0xa6f80000)
 ParOldGen       total 54784K, used 21866K [0x73500000, 0x76a80000, 0x9df80000)
  object space 54784K, 39% used [0x73500000,0x74a5a890,0x76a80000)
 PSPermGen       total 16384K, used 4538K [0x6f500000, 0x70500000, 0x73500000)
  object space 16384K, 27% used [0x6f500000,0x6f96e8a8,0x70500000)
}
Event: 7,048 GC heap before
{Heap before GC invocations=11 (full 1):
 PSYoungGen      total 88832K, used 78251K [0x9df80000, 0xa6f80000, 0xb3500000)
  eden space 61440K, 100% used [0x9df80000,0xa1b80000,0xa1b80000)
  from space 27392K, 61% used [0xa1b80000,0xa2beac50,0xa3640000)
  to   space 28160K, 0% used [0xa5400000,0xa5400000,0xa6f80000)
 ParOldGen       total 54784K, used 21866K [0x73500000, 0x76a80000, 0x9df80000)
  object space 54784K, 39% used [0x73500000,0x74a5a890,0x76a80000)
 PSPermGen       total 16384K, used 4539K [0x6f500000, 0x70500000, 0x73500000)
  object space 16384K, 27% used [0x6f500000,0x6f96efc0,0x70500000)
Event: 7,654 GC heap after
Heap after GC invocations=11 (full 1):
 PSYoungGen      total 115456K, used 25675K [0x9df80000, 0xa7880000, 0xb3500000)
  eden space 87296K, 0% used [0x9df80000,0x9df80000,0xa34c0000)
  from space 28160K, 91% used [0xa5400000,0xa6d12cc0,0xa6f80000)
  to   space 32000K, 0% used [0xa34c0000,0xa34c0000,0xa5400000)
 ParOldGen       total 54784K, used 27171K [0x73500000, 0x76a80000, 0x9df80000)
  object space 54784K, 49% used [0x73500000,0x74f88c38,0x76a80000)
 PSPermGen       total 16384K, used 4539K [0x6f500000, 0x70500000, 0x73500000)
  object space 16384K, 27% used [0x6f500000,0x6f96efc0,0x70500000)
}
Event: 7,917 GC heap before
{Heap before GC invocations=12 (full 1):
 PSYoungGen      total 115456K, used 109607K [0x9df80000, 0xa7880000, 0xb3500000)
  eden space 87296K, 96% used [0x9df80000,0xa3177040,0xa34c0000)
  from space 28160K, 91% used [0xa5400000,0xa6d12cc0,0xa6f80000)
  to   space 32000K, 0% used [0xa34c0000,0xa34c0000,0xa5400000)
 ParOldGen       total 54784K, used 27171K [0x73500000, 0x76a80000, 0x9df80000)
  object space 54784K, 49% used [0x73500000,0x74f88c38,0x76a80000)
 PSPermGen       total 16384K, used 4540K [0x6f500000, 0x70500000, 0x73500000)
  object space 16384K, 27% used [0x6f500000,0x6f96f3a8,0x70500000)
Event: 7,921 GC heap after
Heap after GC invocations=12 (full 1):
 PSYoungGen      total 119296K, used 11208K [0x9df80000, 0xa9900000, 0xb3500000)
  eden space 87296K, 0% used [0x9df80000,0x9df80000,0xa34c0000)
  from space 32000K, 35% used [0xa34c0000,0xa3fb2098,0xa5400000)
  to   space 30208K, 0% used [0xa7b80000,0xa7b80000,0xa9900000)
 ParOldGen       total 54784K, used 27175K [0x73500000, 0x76a80000, 0x9df80000)
  object space 54784K, 49% used [0x73500000,0x74f89c38,0x76a80000)
 PSPermGen       total 16384K, used 4540K [0x6f500000, 0x70500000, 0x73500000)
  object space 16384K, 27% used [0x6f500000,0x6f96f3a8,0x70500000)
}
Event: 8,142 GC heap before
{Heap before GC invocations=13 (full 1):
 PSYoungGen      total 119296K, used 98504K [0x9df80000, 0xa9900000, 0xb3500000)
  eden space 87296K, 100% used [0x9df80000,0xa34c0000,0xa34c0000)
  from space 32000K, 35% used [0xa34c0000,0xa3fb2098,0xa5400000)
  to   space 30208K, 0% used [0xa7b80000,0xa7b80000,0xa9900000)
 ParOldGen       total 54784K, used 27175K [0x73500000, 0x76a80000, 0x9df80000)
  object space 54784K, 49% used [0x73500000,0x74f89c38,0x76a80000)
 PSPermGen       total 16384K, used 4542K [0x6f500000, 0x70500000, 0x73500000)
  object space 16384K, 27% used [0x6f500000,0x6f96f970,0x70500000)
Event: 8,181 GC heap after
Heap after GC invocations=13 (full 1):
 PSYoungGen      total 155136K, used 29103K [0x9df80000, 0xaa480000, 0xb3500000)
  eden space 124928K, 0% used [0x9df80000,0x9df80000,0xa5980000)
  from space 30208K, 96% used [0xa7b80000,0xa97ebd98,0xa9900000)
  to   space 34816K, 0% used [0xa5980000,0xa5980000,0xa7b80000)
 ParOldGen       total 54784K, used 33328K [0x73500000, 0x76a80000, 0x9df80000)
  object space 54784K, 60% used [0x73500000,0x7558c0e0,0x76a80000)
 PSPermGen       total 16384K, used 4542K [0x6f500000, 0x70500000, 0x73500000)
  object space 16384K, 27% used [0x6f500000,0x6f96f970,0x70500000)
}
Event: 8,560 GC heap before
{Heap before GC invocations=14 (full 1):
 PSYoungGen      total 155136K, used 154031K [0x9df80000, 0xaa480000, 0xb3500000)
  eden space 124928K, 100% used [0x9df80000,0xa5980000,0xa5980000)
  from space 30208K, 96% used [0xa7b80000,0xa97ebd98,0xa9900000)
  to   space 34816K, 0% used [0xa5980000,0xa5980000,0xa7b80000)
 ParOldGen       total 54784K, used 33328K [0x73500000, 0x76a80000, 0x9df80000)
  object space 54784K, 60% used [0x73500000,0x7558c0e0,0x76a80000)
 PSPermGen       total 16384K, used 4543K [0x6f500000, 0x70500000, 0x73500000)
  object space 16384K, 27% used [0x6f500000,0x6f96fc20,0x70500000)

