# JRE version: Java(TM) SE Runtime Environment (7.0_45-b18) (build 1.7.0_45-b18)
# Java VM: Java HotSpot(TM) Server VM (24.45-b08 mixed mode linux-x86 )
Heap
 PSYoungGen      total 193792K, used 29521K [0x9df80000, 0xabbc0000, 0xb3500000)
  eden space 162048K, 0% used [0x9df80000,0x9df80000,0xa7dc0000)
  from space 31744K, 92% used [0xa7dc0000,0xa9a94780,0xa9cc0000)
  to   space 31232K, 0% used [0xa9d00000,0xa9d00000,0xabb80000)
 ParOldGen       total 52224K, used 28267K [0x73500000, 0x76800000, 0x9df80000)
  object space 52224K, 54% used [0x73500000,0x7509aca0,0x76800000)
 PSPermGen       total 16384K, used 4502K [0x6f500000, 0x70500000, 0x73500000)
  object space 16384K, 27% used [0x6f500000,0x6f9659f8,0x70500000)
GC Heap History (10 events):
Event: 4,366 GC heap after
Heap after GC invocations=9 (full 1):
 PSYoungGen      total 96256K, used 15334K [0x9df80000, 0xa5900000, 0xb3500000)
  eden space 77824K, 0% used [0x9df80000,0x9df80000,0xa2b80000)
  from space 18432K, 83% used [0xa3f80000,0xa4e79b58,0xa5180000)
  to   space 20480K, 0% used [0xa2b80000,0xa2b80000,0xa3f80000)
 ParOldGen       total 52224K, used 18092K [0x73500000, 0x76800000, 0x9df80000)
  object space 52224K, 34% used [0x73500000,0x746ab3e8,0x76800000)
 PSPermGen       total 16384K, used 4492K [0x6f500000, 0x70500000, 0x73500000)
  object space 16384K, 27% used [0x6f500000,0x6f963088,0x70500000)
}
Event: 4,652 GC heap before
{Heap before GC invocations=10 (full 1):
 PSYoungGen      total 96256K, used 93158K [0x9df80000, 0xa5900000, 0xb3500000)
  eden space 77824K, 100% used [0x9df80000,0xa2b80000,0xa2b80000)
  from space 18432K, 83% used [0xa3f80000,0xa4e79b58,0xa5180000)
  to   space 20480K, 0% used [0xa2b80000,0xa2b80000,0xa3f80000)
 ParOldGen       total 52224K, used 18092K [0x73500000, 0x76800000, 0x9df80000)
  object space 52224K, 34% used [0x73500000,0x746ab3e8,0x76800000)
 PSPermGen       total 16384K, used 4496K [0x6f500000, 0x70500000, 0x73500000)
  object space 16384K, 27% used [0x6f500000,0x6f964368,0x70500000)
Event: 4,679 GC heap after
Heap after GC invocations=10 (full 1):
 PSYoungGen      total 98304K, used 19149K [0x9df80000, 0xa7ac0000, 0xb3500000)
  eden space 77824K, 0% used [0x9df80000,0x9df80000,0xa2b80000)
  from space 20480K, 93% used [0xa2b80000,0xa3e335a0,0xa3f80000)
  to   space 23296K, 0% used [0xa6400000,0xa6400000,0xa7ac0000)
 ParOldGen       total 52224K, used 22892K [0x73500000, 0x76800000, 0x9df80000)
  object space 52224K, 43% used [0x73500000,0x74b5b1d0,0x76800000)
 PSPermGen       total 16384K, used 4496K [0x6f500000, 0x70500000, 0x73500000)
  object space 16384K, 27% used [0x6f500000,0x6f964368,0x70500000)
}
Event: 4,893 GC heap before
{Heap before GC invocations=11 (full 1):
 PSYoungGen      total 98304K, used 96973K [0x9df80000, 0xa7ac0000, 0xb3500000)
  eden space 77824K, 100% used [0x9df80000,0xa2b80000,0xa2b80000)
  from space 20480K, 93% used [0xa2b80000,0xa3e335a0,0xa3f80000)
  to   space 23296K, 0% used [0xa6400000,0xa6400000,0xa7ac0000)
 ParOldGen       total 52224K, used 22892K [0x73500000, 0x76800000, 0x9df80000)
  object space 52224K, 43% used [0x73500000,0x74b5b1d0,0x76800000)
 PSPermGen       total 16384K, used 4496K [0x6f500000, 0x70500000, 0x73500000)
  object space 16384K, 27% used [0x6f500000,0x6f964368,0x70500000)
Event: 4,926 GC heap after
Heap after GC invocations=11 (full 1):
 PSYoungGen      total 132352K, used 23092K [0x9df80000, 0xa8540000, 0xb3500000)
  eden space 109056K, 0% used [0x9df80000,0x9df80000,0xa4a00000)
  from space 23296K, 99% used [0xa6400000,0xa7a8d100,0xa7ac0000)
  to   space 26624K, 0% used [0xa4a00000,0xa4a00000,0xa6400000)
 ParOldGen       total 52224K, used 27303K [0x73500000, 0x76800000, 0x9df80000)
  object space 52224K, 52% used [0x73500000,0x74fa9c70,0x76800000)
 PSPermGen       total 16384K, used 4496K [0x6f500000, 0x70500000, 0x73500000)
  object space 16384K, 27% used [0x6f500000,0x6f964368,0x70500000)
}
Event: 5,168 GC heap before
{Heap before GC invocations=12 (full 1):
 PSYoungGen      total 132352K, used 132148K [0x9df80000, 0xa8540000, 0xb3500000)
  eden space 109056K, 100% used [0x9df80000,0xa4a00000,0xa4a00000)
  from space 23296K, 99% used [0xa6400000,0xa7a8d100,0xa7ac0000)
  to   space 26624K, 0% used [0xa4a00000,0xa4a00000,0xa6400000)
 ParOldGen       total 52224K, used 27303K [0x73500000, 0x76800000, 0x9df80000)
  object space 52224K, 52% used [0x73500000,0x74fa9c70,0x76800000)
 PSPermGen       total 16384K, used 4499K [0x6f500000, 0x70500000, 0x73500000)
  object space 16384K, 27% used [0x6f500000,0x6f964e40,0x70500000)
Event: 5,184 GC heap after
Heap after GC invocations=12 (full 1):
 PSYoungGen      total 135680K, used 26620K [0x9df80000, 0xabb80000, 0xb3500000)
  eden space 109056K, 0% used [0x9df80000,0x9df80000,0xa4a00000)
  from space 26624K, 99% used [0xa4a00000,0xa63ff120,0xa6400000)
  to   space 31232K, 0% used [0xa9d00000,0xa9d00000,0xabb80000)
 ParOldGen       total 52224K, used 28243K [0x73500000, 0x76800000, 0x9df80000)
  object space 52224K, 54% used [0x73500000,0x75094ca0,0x76800000)
 PSPermGen       total 16384K, used 4499K [0x6f500000, 0x70500000, 0x73500000)
  object space 16384K, 27% used [0x6f500000,0x6f964e40,0x70500000)
}
Event: 5,475 GC heap before
{Heap before GC invocations=13 (full 1):
 PSYoungGen      total 135680K, used 135676K [0x9df80000, 0xabb80000, 0xb3500000)
  eden space 109056K, 100% used [0x9df80000,0xa4a00000,0xa4a00000)
  from space 26624K, 99% used [0xa4a00000,0xa63ff120,0xa6400000)
  to   space 31232K, 0% used [0xa9d00000,0xa9d00000,0xabb80000)
 ParOldGen       total 52224K, used 28243K [0x73500000, 0x76800000, 0x9df80000)
  object space 52224K, 54% used [0x73500000,0x75094ca0,0x76800000)
 PSPermGen       total 16384K, used 4501K [0x6f500000, 0x70500000, 0x73500000)
  object space 16384K, 27% used [0x6f500000,0x6f965548,0x70500000)
Event: 5,487 GC heap after
Heap after GC invocations=13 (full 1):
 PSYoungGen      total 193280K, used 19540K [0x9df80000, 0xabbc0000, 0xb3500000)
  eden space 162048K, 0% used [0x9df80000,0x9df80000,0xa7dc0000)
  from space 31232K, 62% used [0xa9d00000,0xab015350,0xabb80000)
  to   space 31744K, 0% used [0xa7dc0000,0xa7dc0000,0xa9cc0000)
 ParOldGen       total 52224K, used 28267K [0x73500000, 0x76800000, 0x9df80000)
  object space 52224K, 54% used [0x73500000,0x7509aca0,0x76800000)
 PSPermGen       total 16384K, used 4501K [0x6f500000, 0x70500000, 0x73500000)
  object space 16384K, 27% used [0x6f500000,0x6f965548,0x70500000)
}
Event: 5,901 GC heap before
{Heap before GC invocations=14 (full 1):
 PSYoungGen      total 193280K, used 181588K [0x9df80000, 0xabbc0000, 0xb3500000)
  eden space 162048K, 100% used [0x9df80000,0xa7dc0000,0xa7dc0000)
  from space 31232K, 62% used [0xa9d00000,0xab015350,0xabb80000)
  to   space 31744K, 0% used [0xa7dc0000,0xa7dc0000,0xa9cc0000)
 ParOldGen       total 52224K, used 28267K [0x73500000, 0x76800000, 0x9df80000)
  object space 52224K, 54% used [0x73500000,0x7509aca0,0x76800000)
 PSPermGen       total 16384K, used 4502K [0x6f500000, 0x70500000, 0x73500000)
  object space 16384K, 27% used [0x6f500000,0x6f9659f8,0x70500000)

