# JRE version: Java(TM) SE Runtime Environment (7.0_45-b18) (build 1.7.0_45-b18)
# Java VM: Java HotSpot(TM) Server VM (24.45-b08 mixed mode linux-x86 )
Heap
 PSYoungGen      total 195072K, used 24720K [0x9df80000, 0xabe80000, 0xb3500000)
  eden space 168192K, 0% used [0x9df80000,0x9df80000,0xa83c0000)
  from space 26880K, 91% used [0xa83c0000,0xa9be40f0,0xa9e00000)
  to   space 23808K, 0% used [0xa9e00000,0xa9e00000,0xab540000)
 ParOldGen       total 73216K, used 26826K [0x73500000, 0x77c80000, 0x9df80000)
  object space 73216K, 36% used [0x73500000,0x74f32970,0x77c80000)
 PSPermGen       total 16384K, used 4503K [0x6f500000, 0x70500000, 0x73500000)
  object space 16384K, 27% used [0x6f500000,0x6f965e40,0x70500000)
GC Heap History (10 events):
Event: 4,740 GC heap after
Heap after GC invocations=10 (full 1):
 PSYoungGen      total 133376K, used 17661K [0x9df80000, 0xa8980000, 0xb3500000)
  eden space 115712K, 0% used [0x9df80000,0x9df80000,0xa5080000)
  from space 17664K, 99% used [0xa5080000,0xa61bf518,0xa61c0000)
  to   space 21248K, 0% used [0xa74c0000,0xa74c0000,0xa8980000)
 ParOldGen       total 56064K, used 24241K [0x73500000, 0x76bc0000, 0x9df80000)
  object space 56064K, 43% used [0x73500000,0x74cac650,0x76bc0000)
 PSPermGen       total 16384K, used 4495K [0x6f500000, 0x70500000, 0x73500000)
  object space 16384K, 27% used [0x6f500000,0x6f963fa8,0x70500000)
}
Event: 5,037 GC heap before
{Heap before GC invocations=11 (full 1):
 PSYoungGen      total 133376K, used 133373K [0x9df80000, 0xa8980000, 0xb3500000)
  eden space 115712K, 100% used [0x9df80000,0xa5080000,0xa5080000)
  from space 17664K, 99% used [0xa5080000,0xa61bf518,0xa61c0000)
  to   space 21248K, 0% used [0xa74c0000,0xa74c0000,0xa8980000)
 ParOldGen       total 56064K, used 24241K [0x73500000, 0x76bc0000, 0x9df80000)
  object space 56064K, 43% used [0x73500000,0x74cac650,0x76bc0000)
 PSPermGen       total 16384K, used 4498K [0x6f500000, 0x70500000, 0x73500000)
  object space 16384K, 27% used [0x6f500000,0x6f964ab0,0x70500000)
Event: 5,060 GC heap after
Heap after GC invocations=11 (full 1):
 PSYoungGen      total 150272K, used 19222K [0x9df80000, 0xaaec0000, 0xb3500000)
  eden space 129024K, 0% used [0x9df80000,0x9df80000,0xa5d80000)
  from space 21248K, 90% used [0xa74c0000,0xa87858e8,0xa8980000)
  to   space 23808K, 0% used [0xa5d80000,0xa5d80000,0xa74c0000)
 ParOldGen       total 56064K, used 55935K [0x73500000, 0x76bc0000, 0x9df80000)
  object space 56064K, 99% used [0x73500000,0x76b9fcd0,0x76bc0000)
 PSPermGen       total 16384K, used 4498K [0x6f500000, 0x70500000, 0x73500000)
  object space 16384K, 27% used [0x6f500000,0x6f964ab0,0x70500000)
}
Event: 5,060 GC heap before
{Heap before GC invocations=12 (full 2):
 PSYoungGen      total 150272K, used 19222K [0x9df80000, 0xaaec0000, 0xb3500000)
  eden space 129024K, 0% used [0x9df80000,0x9df80000,0xa5d80000)
  from space 21248K, 90% used [0xa74c0000,0xa87858e8,0xa8980000)
  to   space 23808K, 0% used [0xa5d80000,0xa5d80000,0xa74c0000)
 ParOldGen       total 56064K, used 55935K [0x73500000, 0x76bc0000, 0x9df80000)
  object space 56064K, 99% used [0x73500000,0x76b9fcd0,0x76bc0000)
 PSPermGen       total 16384K, used 4498K [0x6f500000, 0x70500000, 0x73500000)
  object space 16384K, 27% used [0x6f500000,0x6f964ab0,0x70500000)
Event: 5,096 GC heap after
Heap after GC invocations=12 (full 2):
 PSYoungGen      total 150272K, used 0K [0x9df80000, 0xaaec0000, 0xb3500000)
  eden space 129024K, 0% used [0x9df80000,0x9df80000,0xa5d80000)
  from space 21248K, 0% used [0xa74c0000,0xa74c0000,0xa8980000)
  to   space 23808K, 0% used [0xa5d80000,0xa5d80000,0xa74c0000)
 ParOldGen       total 73216K, used 20969K [0x73500000, 0x77c80000, 0x9df80000)
  object space 73216K, 28% used [0x73500000,0x7497a540,0x77c80000)
 PSPermGen       total 16384K, used 4498K [0x6f500000, 0x70500000, 0x73500000)
  object space 16384K, 27% used [0x6f500000,0x6f964a50,0x70500000)
}
Event: 5,424 GC heap before
{Heap before GC invocations=13 (full 2):
 PSYoungGen      total 150272K, used 129024K [0x9df80000, 0xaaec0000, 0xb3500000)
  eden space 129024K, 100% used [0x9df80000,0xa5d80000,0xa5d80000)
  from space 21248K, 0% used [0xa74c0000,0xa74c0000,0xa8980000)
  to   space 23808K, 0% used [0xa5d80000,0xa5d80000,0xa74c0000)
 ParOldGen       total 73216K, used 20969K [0x73500000, 0x77c80000, 0x9df80000)
  object space 73216K, 28% used [0x73500000,0x7497a540,0x77c80000)
 PSPermGen       total 16384K, used 4499K [0x6f500000, 0x70500000, 0x73500000)
  object space 16384K, 27% used [0x6f500000,0x6f964f58,0x70500000)
Event: 5,431 GC heap after
Heap after GC invocations=13 (full 2):
 PSYoungGen      total 152832K, used 13868K [0x9df80000, 0xab540000, 0xb3500000)
  eden space 129024K, 0% used [0x9df80000,0x9df80000,0xa5d80000)
  from space 23808K, 58% used [0xa5d80000,0xa6b0b040,0xa74c0000)
  to   space 23808K, 0% used [0xa9e00000,0xa9e00000,0xab540000)
 ParOldGen       total 73216K, used 20969K [0x73500000, 0x77c80000, 0x9df80000)
  object space 73216K, 28% used [0x73500000,0x7497a540,0x77c80000)
 PSPermGen       total 16384K, used 4499K [0x6f500000, 0x70500000, 0x73500000)
  object space 16384K, 27% used [0x6f500000,0x6f964f58,0x70500000)
}
Event: 5,764 GC heap before
{Heap before GC invocations=14 (full 2):
 PSYoungGen      total 152832K, used 142892K [0x9df80000, 0xab540000, 0xb3500000)
  eden space 129024K, 100% used [0x9df80000,0xa5d80000,0xa5d80000)
  from space 23808K, 58% used [0xa5d80000,0xa6b0b040,0xa74c0000)
  to   space 23808K, 0% used [0xa9e00000,0xa9e00000,0xab540000)
 ParOldGen       total 73216K, used 20969K [0x73500000, 0x77c80000, 0x9df80000)
  object space 73216K, 28% used [0x73500000,0x7497a540,0x77c80000)
 PSPermGen       total 16384K, used 4501K [0x6f500000, 0x70500000, 0x73500000)
  object space 16384K, 27% used [0x6f500000,0x6f9654d0,0x70500000)
Event: 5,783 GC heap after
Heap after GC invocations=14 (full 2):
 PSYoungGen      total 192000K, used 22308K [0x9df80000, 0xabe80000, 0xb3500000)
  eden space 168192K, 0% used [0x9df80000,0x9df80000,0xa83c0000)
  from space 23808K, 93% used [0xa9e00000,0xab3c9080,0xab540000)
  to   space 26880K, 0% used [0xa83c0000,0xa83c0000,0xa9e00000)
 ParOldGen       total 73216K, used 20977K [0x73500000, 0x77c80000, 0x9df80000)
  object space 73216K, 28% used [0x73500000,0x7497c540,0x77c80000)
 PSPermGen       total 16384K, used 4501K [0x6f500000, 0x70500000, 0x73500000)
  object space 16384K, 27% used [0x6f500000,0x6f9654d0,0x70500000)
}
Event: 6,178 GC heap before
{Heap before GC invocations=15 (full 2):
 PSYoungGen      total 192000K, used 190500K [0x9df80000, 0xabe80000, 0xb3500000)
  eden space 168192K, 100% used [0x9df80000,0xa83c0000,0xa83c0000)
  from space 23808K, 93% used [0xa9e00000,0xab3c9080,0xab540000)
  to   space 26880K, 0% used [0xa83c0000,0xa83c0000,0xa9e00000)
 ParOldGen       total 73216K, used 20977K [0x73500000, 0x77c80000, 0x9df80000)
  object space 73216K, 28% used [0x73500000,0x7497c540,0x77c80000)
 PSPermGen       total 16384K, used 4503K [0x6f500000, 0x70500000, 0x73500000)
  object space 16384K, 27% used [0x6f500000,0x6f965e40,0x70500000)

