# JRE version: Java(TM) SE Runtime Environment (7.0_45-b18) (build 1.7.0_45-b18)
# Java VM: Java HotSpot(TM) Server VM (24.45-b08 mixed mode linux-x86 )
Heap
 PSYoungGen      total 167680K, used 28926K [0x9df80000, 0xab340000, 0xb3500000)
  eden space 138752K, 0% used [0x9df80000,0x9df80000,0xa6700000)
  from space 28928K, 99% used [0xa6700000,0xa833f918,0xa8340000)
  to   space 25344K, 0% used [0xa8340000,0xa8340000,0xa9c00000)
 ParOldGen       total 49920K, used 39715K [0x73500000, 0x765c0000, 0x9df80000)
  object space 49920K, 79% used [0x73500000,0x75bc8e70,0x765c0000)
 PSPermGen       total 16384K, used 4458K [0x6f500000, 0x70500000, 0x73500000)
  object space 16384K, 27% used [0x6f500000,0x6f95abe0,0x70500000)
GC Heap History (10 events):
Event: 2,929 GC heap after
Heap after GC invocations=7 (full 0):
 PSYoungGen      total 72960K, used 13309K [0x9df80000, 0xa7b00000, 0xb3500000)
  eden space 59648K, 0% used [0x9df80000,0x9df80000,0xa19c0000)
  from space 13312K, 99% used [0xa19c0000,0xa26bf798,0xa26c0000)
  to   space 19968K, 0% used [0xa6780000,0xa6780000,0xa7b00000)
 ParOldGen       total 40704K, used 32176K [0x73500000, 0x75cc0000, 0x9df80000)
  object space 40704K, 79% used [0x73500000,0x7546c340,0x75cc0000)
 PSPermGen       total 16384K, used 4393K [0x6f500000, 0x70500000, 0x73500000)
  object space 16384K, 26% used [0x6f500000,0x6f94a610,0x70500000)
}
Event: 2,929 GC heap before
{Heap before GC invocations=8 (full 1):
 PSYoungGen      total 72960K, used 13309K [0x9df80000, 0xa7b00000, 0xb3500000)
  eden space 59648K, 0% used [0x9df80000,0x9df80000,0xa19c0000)
  from space 13312K, 99% used [0xa19c0000,0xa26bf798,0xa26c0000)
  to   space 19968K, 0% used [0xa6780000,0xa6780000,0xa7b00000)
 ParOldGen       total 40704K, used 32176K [0x73500000, 0x75cc0000, 0x9df80000)
  object space 40704K, 79% used [0x73500000,0x7546c340,0x75cc0000)
 PSPermGen       total 16384K, used 4393K [0x6f500000, 0x70500000, 0x73500000)
  object space 16384K, 26% used [0x6f500000,0x6f94a610,0x70500000)
Event: 3,019 GC heap after
Heap after GC invocations=8 (full 1):
 PSYoungGen      total 72960K, used 0K [0x9df80000, 0xa7b00000, 0xb3500000)
  eden space 59648K, 0% used [0x9df80000,0x9df80000,0xa19c0000)
  from space 13312K, 0% used [0xa19c0000,0xa19c0000,0xa26c0000)
  to   space 19968K, 0% used [0xa6780000,0xa6780000,0xa7b00000)
 ParOldGen       total 49920K, used 18587K [0x73500000, 0x765c0000, 0x9df80000)
  object space 49920K, 37% used [0x73500000,0x74726da0,0x765c0000)
 PSPermGen       total 16384K, used 4391K [0x6f500000, 0x70500000, 0x73500000)
  object space 16384K, 26% used [0x6f500000,0x6f949ed8,0x70500000)
}
Event: 3,236 GC heap before
{Heap before GC invocations=9 (full 1):
 PSYoungGen      total 72960K, used 59648K [0x9df80000, 0xa7b00000, 0xb3500000)
  eden space 59648K, 100% used [0x9df80000,0xa19c0000,0xa19c0000)
  from space 13312K, 0% used [0xa19c0000,0xa19c0000,0xa26c0000)
  to   space 19968K, 0% used [0xa6780000,0xa6780000,0xa7b00000)
 ParOldGen       total 49920K, used 18587K [0x73500000, 0x765c0000, 0x9df80000)
  object space 49920K, 37% used [0x73500000,0x74726da0,0x765c0000)
 PSPermGen       total 16384K, used 4394K [0x6f500000, 0x70500000, 0x73500000)
  object space 16384K, 26% used [0x6f500000,0x6f94a868,0x70500000)
Event: 3,248 GC heap after
Heap after GC invocations=9 (full 1):
 PSYoungGen      total 109824K, used 8885K [0x9df80000, 0xa7040000, 0xb3500000)
  eden space 100864K, 0% used [0x9df80000,0x9df80000,0xa4200000)
  from space 8960K, 99% used [0xa6780000,0xa702d6b0,0xa7040000)
  to   space 18944K, 0% used [0xa4b40000,0xa4b40000,0xa5dc0000)
 ParOldGen       total 49920K, used 18587K [0x73500000, 0x765c0000, 0x9df80000)
  object space 49920K, 37% used [0x73500000,0x74726da0,0x765c0000)
 PSPermGen       total 16384K, used 4394K [0x6f500000, 0x70500000, 0x73500000)
  object space 16384K, 26% used [0x6f500000,0x6f94a868,0x70500000)
}
Event: 3,709 GC heap before
{Heap before GC invocations=10 (full 1):
 PSYoungGen      total 109824K, used 109749K [0x9df80000, 0xa7040000, 0xb3500000)
  eden space 100864K, 100% used [0x9df80000,0xa4200000,0xa4200000)
  from space 8960K, 99% used [0xa6780000,0xa702d6b0,0xa7040000)
  to   space 18944K, 0% used [0xa4b40000,0xa4b40000,0xa5dc0000)
 ParOldGen       total 49920K, used 18587K [0x73500000, 0x765c0000, 0x9df80000)
  object space 49920K, 37% used [0x73500000,0x74726da0,0x765c0000)
 PSPermGen       total 16384K, used 4397K [0x6f500000, 0x70500000, 0x73500000)
  object space 16384K, 26% used [0x6f500000,0x6f94b5c0,0x70500000)
Event: 3,725 GC heap after
Heap after GC invocations=10 (full 1):
 PSYoungGen      total 129280K, used 18937K [0x9df80000, 0xa9c00000, 0xb3500000)
  eden space 110336K, 0% used [0x9df80000,0x9df80000,0xa4b40000)
  from space 18944K, 99% used [0xa4b40000,0xa5dbe608,0xa5dc0000)
  to   space 25344K, 0% used [0xa8340000,0xa8340000,0xa9c00000)
 ParOldGen       total 49920K, used 27571K [0x73500000, 0x765c0000, 0x9df80000)
  object space 49920K, 55% used [0x73500000,0x74fecdd8,0x765c0000)
 PSPermGen       total 16384K, used 4397K [0x6f500000, 0x70500000, 0x73500000)
  object space 16384K, 26% used [0x6f500000,0x6f94b5c0,0x70500000)
}
Event: 4,081 GC heap before
{Heap before GC invocations=11 (full 1):
 PSYoungGen      total 129280K, used 129273K [0x9df80000, 0xa9c00000, 0xb3500000)
  eden space 110336K, 100% used [0x9df80000,0xa4b40000,0xa4b40000)
  from space 18944K, 99% used [0xa4b40000,0xa5dbe608,0xa5dc0000)
  to   space 25344K, 0% used [0xa8340000,0xa8340000,0xa9c00000)
 ParOldGen       total 49920K, used 27571K [0x73500000, 0x765c0000, 0x9df80000)
  object space 49920K, 55% used [0x73500000,0x74fecdd8,0x765c0000)
 PSPermGen       total 16384K, used 4455K [0x6f500000, 0x70500000, 0x73500000)
  object space 16384K, 27% used [0x6f500000,0x6f959e80,0x70500000)
Event: 4,111 GC heap after
Heap after GC invocations=11 (full 1):
 PSYoungGen      total 164096K, used 25296K [0x9df80000, 0xab340000, 0xb3500000)
  eden space 138752K, 0% used [0x9df80000,0x9df80000,0xa6700000)
  from space 25344K, 99% used [0xa8340000,0xa9bf4090,0xa9c00000)
  to   space 28928K, 0% used [0xa6700000,0xa6700000,0xa8340000)
 ParOldGen       total 49920K, used 27575K [0x73500000, 0x765c0000, 0x9df80000)
  object space 49920K, 55% used [0x73500000,0x74feddd8,0x765c0000)
 PSPermGen       total 16384K, used 4455K [0x6f500000, 0x70500000, 0x73500000)
  object space 16384K, 27% used [0x6f500000,0x6f959e80,0x70500000)
}
Event: 4,510 GC heap before
{Heap before GC invocations=12 (full 1):
 PSYoungGen      total 164096K, used 164048K [0x9df80000, 0xab340000, 0xb3500000)
  eden space 138752K, 100% used [0x9df80000,0xa6700000,0xa6700000)
  from space 25344K, 99% used [0xa8340000,0xa9bf4090,0xa9c00000)
  to   space 28928K, 0% used [0xa6700000,0xa6700000,0xa8340000)
 ParOldGen       total 49920K, used 27575K [0x73500000, 0x765c0000, 0x9df80000)
  object space 49920K, 55% used [0x73500000,0x74feddd8,0x765c0000)
 PSPermGen       total 16384K, used 4458K [0x6f500000, 0x70500000, 0x73500000)
  object space 16384K, 27% used [0x6f500000,0x6f95abe0,0x70500000)

