# JRE version: Java(TM) SE Runtime Environment (7.0_45-b18) (build 1.7.0_45-b18)
# Java VM: Java HotSpot(TM) Server VM (24.45-b08 mixed mode linux-x86 )
Heap
 PSYoungGen      total 33280K, used 2555K [0x9df80000, 0xa0280000, 0xb3500000)
  eden space 30720K, 0% used [0x9df80000,0x9df80000,0x9fd80000)
  from space 2560K, 99% used [0x9fd80000,0x9fffef20,0xa0000000)
  to   space 2560K, 0% used [0xa0000000,0xa0000000,0xa0280000)
 ParOldGen       total 40704K, used 27288K [0x73500000, 0x75cc0000, 0x9df80000)
  object space 40704K, 67% used [0x73500000,0x74fa63d8,0x75cc0000)
 PSPermGen       total 16384K, used 4377K [0x6f500000, 0x70500000, 0x73500000)
  object space 16384K, 26% used [0x6f500000,0x6f9466b0,0x70500000)
GC Heap History (9 events):
Event: 1,737 GC heap before
{Heap before GC invocations=1 (full 0):
 PSYoungGen      total 17920K, used 14745K [0x9df80000, 0x9f380000, 0xb3500000)
  eden space 15360K, 95% used [0x9df80000,0x9ede64b0,0x9ee80000)
  from space 2560K, 0% used [0x9f100000,0x9f100000,0x9f380000)
  to   space 2560K, 0% used [0x9ee80000,0x9ee80000,0x9f100000)
 ParOldGen       total 40704K, used 0K [0x73500000, 0x75cc0000, 0x9df80000)
  object space 40704K, 0% used [0x73500000,0x73500000,0x75cc0000)
 PSPermGen       total 16384K, used 2556K [0x6f500000, 0x70500000, 0x73500000)
  object space 16384K, 15% used [0x6f500000,0x6f77f368,0x70500000)
Event: 1,743 GC heap after
Heap after GC invocations=1 (full 0):
 PSYoungGen      total 17920K, used 2544K [0x9df80000, 0x9f380000, 0xb3500000)
  eden space 15360K, 0% used [0x9df80000,0x9df80000,0x9ee80000)
  from space 2560K, 99% used [0x9ee80000,0x9f0fc1c0,0x9f100000)
  to   space 2560K, 0% used [0x9f100000,0x9f100000,0x9f380000)
 ParOldGen       total 40704K, used 2204K [0x73500000, 0x75cc0000, 0x9df80000)
  object space 40704K, 5% used [0x73500000,0x73727118,0x75cc0000)
 PSPermGen       total 16384K, used 2556K [0x6f500000, 0x70500000, 0x73500000)
  object space 16384K, 15% used [0x6f500000,0x6f77f368,0x70500000)
}
Event: 1,833 GC heap before
{Heap before GC invocations=2 (full 0):
 PSYoungGen      total 17920K, used 17445K [0x9df80000, 0x9f380000, 0xb3500000)
  eden space 15360K, 97% used [0x9df80000,0x9ee0d4a8,0x9ee80000)
  from space 2560K, 99% used [0x9ee80000,0x9f0fc1c0,0x9f100000)
  to   space 2560K, 0% used [0x9f100000,0x9f100000,0x9f380000)
 ParOldGen       total 40704K, used 2204K [0x73500000, 0x75cc0000, 0x9df80000)
  object space 40704K, 5% used [0x73500000,0x73727118,0x75cc0000)
 PSPermGen       total 16384K, used 2811K [0x6f500000, 0x70500000, 0x73500000)
  object space 16384K, 17% used [0x6f500000,0x6f7bec08,0x70500000)
Event: 1,838 GC heap after
Heap after GC invocations=2 (full 0):
 PSYoungGen      total 17920K, used 2553K [0x9df80000, 0xa0280000, 0xb3500000)
  eden space 15360K, 0% used [0x9df80000,0x9df80000,0x9ee80000)
  from space 2560K, 99% used [0x9f100000,0x9f37e5a0,0x9f380000)
  to   space 2560K, 0% used [0x9ee80000,0x9ee80000,0x9f100000)
 ParOldGen       total 40704K, used 5209K [0x73500000, 0x75cc0000, 0x9df80000)
  object space 40704K, 12% used [0x73500000,0x73a16438,0x75cc0000)
 PSPermGen       total 16384K, used 2811K [0x6f500000, 0x70500000, 0x73500000)
  object space 16384K, 17% used [0x6f500000,0x6f7bec08,0x70500000)
}
Event: 3,488 GC heap before
{Heap before GC invocations=3 (full 0):
 PSYoungGen      total 17920K, used 17913K [0x9df80000, 0xa0280000, 0xb3500000)
  eden space 15360K, 100% used [0x9df80000,0x9ee80000,0x9ee80000)
  from space 2560K, 99% used [0x9f100000,0x9f37e5a0,0x9f380000)
  to   space 2560K, 0% used [0x9ee80000,0x9ee80000,0x9f100000)
 ParOldGen       total 40704K, used 5209K [0x73500000, 0x75cc0000, 0x9df80000)
  object space 40704K, 12% used [0x73500000,0x73a16438,0x75cc0000)
 PSPermGen       total 16384K, used 4321K [0x6f500000, 0x70500000, 0x73500000)
  object space 16384K, 26% used [0x6f500000,0x6f938748,0x70500000)
Event: 3,496 GC heap after
Heap after GC invocations=3 (full 0):
 PSYoungGen      total 17920K, used 2553K [0x9df80000, 0xa0280000, 0xb3500000)
  eden space 15360K, 0% used [0x9df80000,0x9df80000,0x9ee80000)
  from space 2560K, 99% used [0x9ee80000,0x9f0fe7e0,0x9f100000)
  to   space 2560K, 0% used [0xa0000000,0xa0000000,0xa0280000)
 ParOldGen       total 40704K, used 8279K [0x73500000, 0x75cc0000, 0x9df80000)
  object space 40704K, 20% used [0x73500000,0x73d15fd0,0x75cc0000)
 PSPermGen       total 16384K, used 4321K [0x6f500000, 0x70500000, 0x73500000)
  object space 16384K, 26% used [0x6f500000,0x6f938748,0x70500000)
}
Event: 3,795 GC heap before
{Heap before GC invocations=4 (full 0):
 PSYoungGen      total 17920K, used 17913K [0x9df80000, 0xa0280000, 0xb3500000)
  eden space 15360K, 100% used [0x9df80000,0x9ee80000,0x9ee80000)
  from space 2560K, 99% used [0x9ee80000,0x9f0fe7e0,0x9f100000)
  to   space 2560K, 0% used [0xa0000000,0xa0000000,0xa0280000)
 ParOldGen       total 40704K, used 8279K [0x73500000, 0x75cc0000, 0x9df80000)
  object space 40704K, 20% used [0x73500000,0x73d15fd0,0x75cc0000)
 PSPermGen       total 16384K, used 4357K [0x6f500000, 0x70500000, 0x73500000)
  object space 16384K, 26% used [0x6f500000,0x6f941730,0x70500000)
Event: 3,801 GC heap after
Heap after GC invocations=4 (full 0):
 PSYoungGen      total 33280K, used 2547K [0x9df80000, 0xa0280000, 0xb3500000)
  eden space 30720K, 0% used [0x9df80000,0x9df80000,0x9fd80000)
  from space 2560K, 99% used [0xa0000000,0xa027cf10,0xa0280000)
  to   space 2560K, 0% used [0x9fd80000,0x9fd80000,0xa0000000)
 ParOldGen       total 40704K, used 15367K [0x73500000, 0x75cc0000, 0x9df80000)
  object space 40704K, 37% used [0x73500000,0x74401cb8,0x75cc0000)
 PSPermGen       total 16384K, used 4357K [0x6f500000, 0x70500000, 0x73500000)
  object space 16384K, 26% used [0x6f500000,0x6f941730,0x70500000)
}
Event: 4,101 GC heap before
{Heap before GC invocations=5 (full 0):
 PSYoungGen      total 33280K, used 33267K [0x9df80000, 0xa0280000, 0xb3500000)
  eden space 30720K, 100% used [0x9df80000,0x9fd80000,0x9fd80000)
  from space 2560K, 99% used [0xa0000000,0xa027cf10,0xa0280000)
  to   space 2560K, 0% used [0x9fd80000,0x9fd80000,0xa0000000)
 ParOldGen       total 40704K, used 15367K [0x73500000, 0x75cc0000, 0x9df80000)
  object space 40704K, 37% used [0x73500000,0x74401cb8,0x75cc0000)
 PSPermGen       total 16384K, used 4377K [0x6f500000, 0x70500000, 0x73500000)
  object space 16384K, 26% used [0x6f500000,0x6f9466b0,0x70500000)

