# JRE version: Java(TM) SE Runtime Environment (7.0_45-b18) (build 1.7.0_45-b18)
# Java VM: Java HotSpot(TM) Server VM (24.45-b08 mixed mode linux-x86 )
Heap
 PSYoungGen      total 258048K, used 35667K [0x9e000000, 0xb07c0000, 0xb3580000)
  eden space 221184K, 0% used [0x9e000000,0x9e000000,0xab800000)
  from space 36864K, 96% used [0xab800000,0xadad4f20,0xadc00000)
  to   space 33280K, 0% used [0xadc00000,0xadc00000,0xafc80000)
 ParOldGen       total 60160K, used 32268K [0x73580000, 0x77040000, 0x9e000000)
  object space 60160K, 53% used [0x73580000,0x755032c8,0x77040000)
 PSPermGen       total 16384K, used 4535K [0x6f580000, 0x70580000, 0x73580000)
  object space 16384K, 27% used [0x6f580000,0x6f9edf60,0x70580000)
GC Heap History (10 events):
Event: 4,257 GC heap after
Heap after GC invocations=7 (full 1):
 PSYoungGen      total 112384K, used 12230K [0x9e000000, 0xa7c00000, 0xb3580000)
  eden space 100096K, 0% used [0x9e000000,0x9e000000,0xa41c0000)
  from space 12288K, 99% used [0xa7000000,0xa7bf1b40,0xa7c00000)
  to   space 23296K, 0% used [0xa4e80000,0xa4e80000,0xa6540000)
 ParOldGen       total 60160K, used 20584K [0x73580000, 0x77040000, 0x9e000000)
  object space 60160K, 34% used [0x73580000,0x7499a088,0x77040000)
 PSPermGen       total 16384K, used 4525K [0x6f580000, 0x70580000, 0x73580000)
  object space 16384K, 27% used [0x6f580000,0x6f9eb558,0x70580000)
}
Event: 4,651 GC heap before
{Heap before GC invocations=8 (full 1):
 PSYoungGen      total 112384K, used 112326K [0x9e000000, 0xa7c00000, 0xb3580000)
  eden space 100096K, 100% used [0x9e000000,0xa41c0000,0xa41c0000)
  from space 12288K, 99% used [0xa7000000,0xa7bf1b40,0xa7c00000)
  to   space 23296K, 0% used [0xa4e80000,0xa4e80000,0xa6540000)
 ParOldGen       total 60160K, used 20584K [0x73580000, 0x77040000, 0x9e000000)
  object space 60160K, 34% used [0x73580000,0x7499a088,0x77040000)
 PSPermGen       total 16384K, used 4529K [0x6f580000, 0x70580000, 0x73580000)
  object space 16384K, 27% used [0x6f580000,0x6f9ec4f8,0x70580000)
Event: 4,663 GC heap after
Heap after GC invocations=8 (full 1):
 PSYoungGen      total 136448K, used 20375K [0x9e000000, 0xab300000, 0xb3580000)
  eden space 113152K, 0% used [0x9e000000,0x9e000000,0xa4e80000)
  from space 23296K, 87% used [0xa4e80000,0xa6265f90,0xa6540000)
  to   space 26368K, 0% used [0xa9940000,0xa9940000,0xab300000)
 ParOldGen       total 60160K, used 25814K [0x73580000, 0x77040000, 0x9e000000)
  object space 60160K, 42% used [0x73580000,0x74eb5968,0x77040000)
 PSPermGen       total 16384K, used 4529K [0x6f580000, 0x70580000, 0x73580000)
  object space 16384K, 27% used [0x6f580000,0x6f9ec4f8,0x70580000)
}
Event: 4,951 GC heap before
{Heap before GC invocations=9 (full 1):
 PSYoungGen      total 136448K, used 133527K [0x9e000000, 0xab300000, 0xb3580000)
  eden space 113152K, 100% used [0x9e000000,0xa4e80000,0xa4e80000)
  from space 23296K, 87% used [0xa4e80000,0xa6265f90,0xa6540000)
  to   space 26368K, 0% used [0xa9940000,0xa9940000,0xab300000)
 ParOldGen       total 60160K, used 25814K [0x73580000, 0x77040000, 0x9e000000)
  object space 60160K, 42% used [0x73580000,0x74eb5968,0x77040000)
 PSPermGen       total 16384K, used 4530K [0x6f580000, 0x70580000, 0x73580000)
  object space 16384K, 27% used [0x6f580000,0x6f9ec8e0,0x70580000)
Event: 4,965 GC heap after
Heap after GC invocations=9 (full 1):
 PSYoungGen      total 187392K, used 21328K [0x9e000000, 0xacfc0000, 0xb3580000)
  eden space 161024K, 0% used [0x9e000000,0x9e000000,0xa7d40000)
  from space 26368K, 80% used [0xa9940000,0xaae142b0,0xab300000)
  to   space 28672K, 0% used [0xa7d40000,0xa7d40000,0xa9940000)
 ParOldGen       total 60160K, used 25814K [0x73580000, 0x77040000, 0x9e000000)
  object space 60160K, 42% used [0x73580000,0x74eb5968,0x77040000)
 PSPermGen       total 16384K, used 4530K [0x6f580000, 0x70580000, 0x73580000)
  object space 16384K, 27% used [0x6f580000,0x6f9ec8e0,0x70580000)
}
Event: 5,378 GC heap before
{Heap before GC invocations=10 (full 1):
 PSYoungGen      total 187392K, used 182352K [0x9e000000, 0xacfc0000, 0xb3580000)
  eden space 161024K, 100% used [0x9e000000,0xa7d40000,0xa7d40000)
  from space 26368K, 80% used [0xa9940000,0xaae142b0,0xab300000)
  to   space 28672K, 0% used [0xa7d40000,0xa7d40000,0xa9940000)
 ParOldGen       total 60160K, used 25814K [0x73580000, 0x77040000, 0x9e000000)
  object space 60160K, 42% used [0x73580000,0x74eb5968,0x77040000)
 PSPermGen       total 16384K, used 4532K [0x6f580000, 0x70580000, 0x73580000)
  object space 16384K, 27% used [0x6f580000,0x6f9ed0d0,0x70580000)
Event: 5,392 GC heap after
Heap after GC invocations=10 (full 1):
 PSYoungGen      total 189696K, used 28658K [0x9e000000, 0xafc80000, 0xb3580000)
  eden space 161024K, 0% used [0x9e000000,0x9e000000,0xa7d40000)
  from space 28672K, 99% used [0xa7d40000,0xa993c998,0xa9940000)
  to   space 33280K, 0% used [0xadc00000,0xadc00000,0xafc80000)
 ParOldGen       total 60160K, used 25818K [0x73580000, 0x77040000, 0x9e000000)
  object space 60160K, 42% used [0x73580000,0x74eb6968,0x77040000)
 PSPermGen       total 16384K, used 4532K [0x6f580000, 0x70580000, 0x73580000)
  object space 16384K, 27% used [0x6f580000,0x6f9ed0d0,0x70580000)
}
Event: 5,757 GC heap before
{Heap before GC invocations=11 (full 1):
 PSYoungGen      total 189696K, used 189682K [0x9e000000, 0xafc80000, 0xb3580000)
  eden space 161024K, 100% used [0x9e000000,0xa7d40000,0xa7d40000)
  from space 28672K, 99% used [0xa7d40000,0xa993c998,0xa9940000)
  to   space 33280K, 0% used [0xadc00000,0xadc00000,0xafc80000)
 ParOldGen       total 60160K, used 25818K [0x73580000, 0x77040000, 0x9e000000)
  object space 60160K, 42% used [0x73580000,0x74eb6968,0x77040000)
 PSPermGen       total 16384K, used 4534K [0x6f580000, 0x70580000, 0x73580000)
  object space 16384K, 27% used [0x6f580000,0x6f9ed9f8,0x70580000)
Event: 5,781 GC heap after
Heap after GC invocations=11 (full 1):
 PSYoungGen      total 254464K, used 29905K [0x9e000000, 0xb07c0000, 0xb3580000)
  eden space 221184K, 0% used [0x9e000000,0x9e000000,0xab800000)
  from space 33280K, 89% used [0xadc00000,0xaf934620,0xafc80000)
  to   space 36864K, 0% used [0xab800000,0xab800000,0xadc00000)
 ParOldGen       total 60160K, used 32268K [0x73580000, 0x77040000, 0x9e000000)
  object space 60160K, 53% used [0x73580000,0x755032c8,0x77040000)
 PSPermGen       total 16384K, used 4534K [0x6f580000, 0x70580000, 0x73580000)
  object space 16384K, 27% used [0x6f580000,0x6f9ed9f8,0x70580000)
}
Event: 6,373 GC heap before
{Heap before GC invocations=12 (full 1):
 PSYoungGen      total 254464K, used 251089K [0x9e000000, 0xb07c0000, 0xb3580000)
  eden space 221184K, 100% used [0x9e000000,0xab800000,0xab800000)
  from space 33280K, 89% used [0xadc00000,0xaf934620,0xafc80000)
  to   space 36864K, 0% used [0xab800000,0xab800000,0xadc00000)
 ParOldGen       total 60160K, used 32268K [0x73580000, 0x77040000, 0x9e000000)
  object space 60160K, 53% used [0x73580000,0x755032c8,0x77040000)
 PSPermGen       total 16384K, used 4535K [0x6f580000, 0x70580000, 0x73580000)
  object space 16384K, 27% used [0x6f580000,0x6f9edf60,0x70580000)

