# JRE version: Java(TM) SE Runtime Environment (7.0_45-b18) (build 1.7.0_45-b18)
# Java VM: Java HotSpot(TM) Server VM (24.45-b08 mixed mode linux-x86 )
Heap
 PSYoungGen      total 249088K, used 14422K [0x9df80000, 0xae9c0000, 0xb3500000)
  eden space 230912K, 0% used [0x9df80000,0x9df80000,0xac100000)
  from space 18176K, 79% used [0xac640000,0xad455ab8,0xad800000)
  to   space 14592K, 0% used [0xadb80000,0xadb80000,0xae9c0000)
 ParOldGen       total 52480K, used 45264K [0x73500000, 0x76840000, 0x9df80000)
  object space 52480K, 86% used [0x73500000,0x76134280,0x76840000)
 PSPermGen       total 16384K, used 4454K [0x6f500000, 0x70500000, 0x73500000)
  object space 16384K, 27% used [0x6f500000,0x6f959b98,0x70500000)
GC Heap History (10 events):
Event: 1,932 GC heap after
Heap after GC invocations=5 (full 0):
 PSYoungGen      total 64000K, used 2557K [0x9df80000, 0xa7000000, 0xb3500000)
  eden space 61440K, 0% used [0x9df80000,0x9df80000,0xa1b80000)
  from space 2560K, 99% used [0xa1b80000,0xa1dff420,0xa1e00000)
  to   space 12544K, 0% used [0xa63c0000,0xa63c0000,0xa7000000)
 ParOldGen       total 40704K, used 24039K [0x73500000, 0x75cc0000, 0x9df80000)
  object space 40704K, 59% used [0x73500000,0x74c79c50,0x75cc0000)
 PSPermGen       total 16384K, used 4384K [0x6f500000, 0x70500000, 0x73500000)
  object space 16384K, 26% used [0x6f500000,0x6f948000,0x70500000)
}
Event: 2,150 GC heap before
{Heap before GC invocations=6 (full 0):
 PSYoungGen      total 64000K, used 63997K [0x9df80000, 0xa7000000, 0xb3500000)
  eden space 61440K, 100% used [0x9df80000,0xa1b80000,0xa1b80000)
  from space 2560K, 99% used [0xa1b80000,0xa1dff420,0xa1e00000)
  to   space 12544K, 0% used [0xa63c0000,0xa63c0000,0xa7000000)
 ParOldGen       total 40704K, used 24039K [0x73500000, 0x75cc0000, 0x9df80000)
  object space 40704K, 59% used [0x73500000,0x74c79c50,0x75cc0000)
 PSPermGen       total 16384K, used 4390K [0x6f500000, 0x70500000, 0x73500000)
  object space 16384K, 26% used [0x6f500000,0x6f9499c0,0x70500000)
Event: 2,157 GC heap after
Heap after GC invocations=6 (full 0):
 PSYoungGen      total 133376K, used 11751K [0x9df80000, 0xa7400000, 0xb3500000)
  eden space 120832K, 0% used [0x9df80000,0x9df80000,0xa5580000)
  from space 12544K, 93% used [0xa63c0000,0xa6f39c38,0xa7000000)
  to   space 14592K, 0% used [0xa5580000,0xa5580000,0xa63c0000)
 ParOldGen       total 40704K, used 24039K [0x73500000, 0x75cc0000, 0x9df80000)
  object space 40704K, 59% used [0x73500000,0x74c79c50,0x75cc0000)
 PSPermGen       total 16384K, used 4390K [0x6f500000, 0x70500000, 0x73500000)
  object space 16384K, 26% used [0x6f500000,0x6f9499c0,0x70500000)
}
Event: 2,648 GC heap before
{Heap before GC invocations=7 (full 0):
 PSYoungGen      total 133376K, used 132583K [0x9df80000, 0xa7400000, 0xb3500000)
  eden space 120832K, 100% used [0x9df80000,0xa5580000,0xa5580000)
  from space 12544K, 93% used [0xa63c0000,0xa6f39c38,0xa7000000)
  to   space 14592K, 0% used [0xa5580000,0xa5580000,0xa63c0000)
 ParOldGen       total 40704K, used 24039K [0x73500000, 0x75cc0000, 0x9df80000)
  object space 40704K, 59% used [0x73500000,0x74c79c50,0x75cc0000)
 PSPermGen       total 16384K, used 4394K [0x6f500000, 0x70500000, 0x73500000)
  object space 16384K, 26% used [0x6f500000,0x6f94aab8,0x70500000)
Event: 3,079 GC heap after
Heap after GC invocations=7 (full 0):
 PSYoungGen      total 135424K, used 12709K [0x9df80000, 0xaeb80000, 0xb3500000)
  eden space 120832K, 0% used [0x9df80000,0x9df80000,0xa5580000)
  from space 14592K, 87% used [0xa5580000,0xa61e9438,0xa63c0000)
  to   space 16384K, 0% used [0xadb80000,0xadb80000,0xaeb80000)
 ParOldGen       total 48384K, used 43722K [0x73500000, 0x76440000, 0x9df80000)
  object space 48384K, 90% used [0x73500000,0x75fb2980,0x76440000)
 PSPermGen       total 16384K, used 4394K [0x6f500000, 0x70500000, 0x73500000)
  object space 16384K, 26% used [0x6f500000,0x6f94aab8,0x70500000)
}
Event: 3,079 GC heap before
{Heap before GC invocations=8 (full 1):
 PSYoungGen      total 135424K, used 12709K [0x9df80000, 0xaeb80000, 0xb3500000)
  eden space 120832K, 0% used [0x9df80000,0x9df80000,0xa5580000)
  from space 14592K, 87% used [0xa5580000,0xa61e9438,0xa63c0000)
  to   space 16384K, 0% used [0xadb80000,0xadb80000,0xaeb80000)
 ParOldGen       total 48384K, used 43722K [0x73500000, 0x76440000, 0x9df80000)
  object space 48384K, 90% used [0x73500000,0x75fb2980,0x76440000)
 PSPermGen       total 16384K, used 4394K [0x6f500000, 0x70500000, 0x73500000)
  object space 16384K, 26% used [0x6f500000,0x6f94aab8,0x70500000)
Event: 3,114 GC heap after
Heap after GC invocations=8 (full 1):
 PSYoungGen      total 135424K, used 0K [0x9df80000, 0xaeb80000, 0xb3500000)
  eden space 120832K, 0% used [0x9df80000,0x9df80000,0xa5580000)
  from space 14592K, 0% used [0xa5580000,0xa5580000,0xa63c0000)
  to   space 16384K, 0% used [0xadb80000,0xadb80000,0xaeb80000)
 ParOldGen       total 52480K, used 20461K [0x73500000, 0x76840000, 0x9df80000)
  object space 52480K, 38% used [0x73500000,0x748fb5f0,0x76840000)
 PSPermGen       total 16384K, used 4392K [0x6f500000, 0x70500000, 0x73500000)
  object space 16384K, 26% used [0x6f500000,0x6f94a3b0,0x70500000)
}
Event: 3,424 GC heap before
{Heap before GC invocations=9 (full 1):
 PSYoungGen      total 135424K, used 120832K [0x9df80000, 0xaeb80000, 0xb3500000)
  eden space 120832K, 100% used [0x9df80000,0xa5580000,0xa5580000)
  from space 14592K, 0% used [0xa5580000,0xa5580000,0xa63c0000)
  to   space 16384K, 0% used [0xadb80000,0xadb80000,0xaeb80000)
 ParOldGen       total 52480K, used 20461K [0x73500000, 0x76840000, 0x9df80000)
  object space 52480K, 38% used [0x73500000,0x748fb5f0,0x76840000)
 PSPermGen       total 16384K, used 4451K [0x6f500000, 0x70500000, 0x73500000)
  object space 16384K, 27% used [0x6f500000,0x6f958e38,0x70500000)
Event: 3,435 GC heap after
Heap after GC invocations=9 (full 1):
 PSYoungGen      total 245504K, used 14486K [0x9df80000, 0xae9c0000, 0xb3500000)
  eden space 230912K, 0% used [0x9df80000,0x9df80000,0xac100000)
  from space 14592K, 99% used [0xadb80000,0xae9a5b80,0xae9c0000)
  to   space 18176K, 0% used [0xac640000,0xac640000,0xad800000)
 ParOldGen       total 52480K, used 30755K [0x73500000, 0x76840000, 0x9df80000)
  object space 52480K, 58% used [0x73500000,0x75308db0,0x76840000)
 PSPermGen       total 16384K, used 4451K [0x6f500000, 0x70500000, 0x73500000)
  object space 16384K, 27% used [0x6f500000,0x6f958e38,0x70500000)
}
Event: 4,321 GC heap before
{Heap before GC invocations=10 (full 1):
 PSYoungGen      total 245504K, used 245398K [0x9df80000, 0xae9c0000, 0xb3500000)
  eden space 230912K, 100% used [0x9df80000,0xac100000,0xac100000)
  from space 14592K, 99% used [0xadb80000,0xae9a5b80,0xae9c0000)
  to   space 18176K, 0% used [0xac640000,0xac640000,0xad800000)
 ParOldGen       total 52480K, used 30755K [0x73500000, 0x76840000, 0x9df80000)
  object space 52480K, 58% used [0x73500000,0x75308db0,0x76840000)
 PSPermGen       total 16384K, used 4454K [0x6f500000, 0x70500000, 0x73500000)
  object space 16384K, 27% used [0x6f500000,0x6f959b98,0x70500000)

