# JRE version: Java(TM) SE Runtime Environment (7.0_45-b18) (build 1.7.0_45-b18)
# Java VM: Java HotSpot(TM) Server VM (24.45-b08 mixed mode linux-x86 )
Heap
 PSYoungGen      total 132608K, used 20352K [0x9e080000, 0xaa040000, 0xb3600000)
  eden space 110592K, 0% used [0x9e080000,0x9e080000,0xa4c80000)
  from space 22016K, 92% used [0xa8ac0000,0xa9ea0158,0xaa040000)
  to   space 23296K, 0% used [0xa4c80000,0xa4c80000,0xa6340000)
 ParOldGen       total 59648K, used 28871K [0x73600000, 0x77040000, 0x9e080000)
  object space 59648K, 48% used [0x73600000,0x75231fc8,0x77040000)
 PSPermGen       total 16384K, used 4454K [0x6f600000, 0x70600000, 0x73600000)
  object space 16384K, 27% used [0x6f600000,0x6fa59ad0,0x70600000)
GC Heap History (10 events):
Event: 1,625 GC heap after
Heap after GC invocations=4 (full 0):
 PSYoungGen      total 64000K, used 2554K [0x9e080000, 0xa2180000, 0xb3600000)
  eden space 61440K, 0% used [0x9e080000,0x9e080000,0xa1c80000)
  from space 2560K, 99% used [0xa1f00000,0xa217e840,0xa2180000)
  to   space 2560K, 0% used [0xa1c80000,0xa1c80000,0xa1f00000)
 ParOldGen       total 40704K, used 25795K [0x73600000, 0x75dc0000, 0x9e080000)
  object space 40704K, 63% used [0x73600000,0x74f30f98,0x75dc0000)
 PSPermGen       total 16384K, used 4378K [0x6f600000, 0x70600000, 0x73600000)
  object space 16384K, 26% used [0x6f600000,0x6fa46808,0x70600000)
}
Event: 2,113 GC heap before
{Heap before GC invocations=5 (full 0):
 PSYoungGen      total 64000K, used 63994K [0x9e080000, 0xa2180000, 0xb3600000)
  eden space 61440K, 100% used [0x9e080000,0xa1c80000,0xa1c80000)
  from space 2560K, 99% used [0xa1f00000,0xa217e840,0xa2180000)
  to   space 2560K, 0% used [0xa1c80000,0xa1c80000,0xa1f00000)
 ParOldGen       total 40704K, used 25795K [0x73600000, 0x75dc0000, 0x9e080000)
  object space 40704K, 63% used [0x73600000,0x74f30f98,0x75dc0000)
 PSPermGen       total 16384K, used 4387K [0x6f600000, 0x70600000, 0x73600000)
  object space 16384K, 26% used [0x6f600000,0x6fa48ec8,0x70600000)
Event: 2,124 GC heap after
Heap after GC invocations=5 (full 0):
 PSYoungGen      total 64000K, used 2554K [0x9e080000, 0xa8900000, 0xb3600000)
  eden space 61440K, 0% used [0x9e080000,0x9e080000,0xa1c80000)
  from space 2560K, 99% used [0xa1c80000,0xa1efe840,0xa1f00000)
  to   space 24832K, 0% used [0xa70c0000,0xa70c0000,0xa8900000)
 ParOldGen       total 48384K, used 46165K [0x73600000, 0x76540000, 0x9e080000)
  object space 48384K, 95% used [0x73600000,0x763155e8,0x76540000)
 PSPermGen       total 16384K, used 4387K [0x6f600000, 0x70600000, 0x73600000)
  object space 16384K, 26% used [0x6f600000,0x6fa48ec8,0x70600000)
}
Event: 2,124 GC heap before
{Heap before GC invocations=6 (full 1):
 PSYoungGen      total 64000K, used 2554K [0x9e080000, 0xa8900000, 0xb3600000)
  eden space 61440K, 0% used [0x9e080000,0x9e080000,0xa1c80000)
  from space 2560K, 99% used [0xa1c80000,0xa1efe840,0xa1f00000)
  to   space 24832K, 0% used [0xa70c0000,0xa70c0000,0xa8900000)
 ParOldGen       total 48384K, used 46165K [0x73600000, 0x76540000, 0x9e080000)
  object space 48384K, 95% used [0x73600000,0x763155e8,0x76540000)
 PSPermGen       total 16384K, used 4387K [0x6f600000, 0x70600000, 0x73600000)
  object space 16384K, 26% used [0x6f600000,0x6fa48ec8,0x70600000)
Event: 2,167 GC heap after
Heap after GC invocations=6 (full 1):
 PSYoungGen      total 64000K, used 0K [0x9e080000, 0xa8900000, 0xb3600000)
  eden space 61440K, 0% used [0x9e080000,0x9e080000,0xa1c80000)
  from space 2560K, 0% used [0xa1c80000,0xa1c80000,0xa1f00000)
  to   space 24832K, 0% used [0xa70c0000,0xa70c0000,0xa8900000)
 ParOldGen       total 59648K, used 16258K [0x73600000, 0x77040000, 0x9e080000)
  object space 59648K, 27% used [0x73600000,0x745e08f8,0x77040000)
 PSPermGen       total 16384K, used 4385K [0x6f600000, 0x70600000, 0x73600000)
  object space 16384K, 26% used [0x6f600000,0x6fa487a0,0x70600000)
}
Event: 2,415 GC heap before
{Heap before GC invocations=7 (full 1):
 PSYoungGen      total 64000K, used 61440K [0x9e080000, 0xa8900000, 0xb3600000)
  eden space 61440K, 100% used [0x9e080000,0xa1c80000,0xa1c80000)
  from space 2560K, 0% used [0xa1c80000,0xa1c80000,0xa1f00000)
  to   space 24832K, 0% used [0xa70c0000,0xa70c0000,0xa8900000)
 ParOldGen       total 59648K, used 16258K [0x73600000, 0x77040000, 0x9e080000)
  object space 59648K, 27% used [0x73600000,0x745e08f8,0x77040000)
 PSPermGen       total 16384K, used 4392K [0x6f600000, 0x70600000, 0x73600000)
  object space 16384K, 26% used [0x6f600000,0x6fa4a160,0x70600000)
Event: 2,420 GC heap after
Heap after GC invocations=7 (full 1):
 PSYoungGen      total 107520K, used 9378K [0x9e080000, 0xa7a00000, 0xb3600000)
  eden space 98048K, 0% used [0x9e080000,0x9e080000,0xa4040000)
  from space 9472K, 99% used [0xa70c0000,0xa79e8848,0xa7a00000)
  to   space 23296K, 0% used [0xa4c80000,0xa4c80000,0xa6340000)
 ParOldGen       total 59648K, used 16258K [0x73600000, 0x77040000, 0x9e080000)
  object space 59648K, 27% used [0x73600000,0x745e08f8,0x77040000)
 PSPermGen       total 16384K, used 4392K [0x6f600000, 0x70600000, 0x73600000)
  object space 16384K, 26% used [0x6f600000,0x6fa4a160,0x70600000)
}
Event: 2,872 GC heap before
{Heap before GC invocations=8 (full 1):
 PSYoungGen      total 107520K, used 107426K [0x9e080000, 0xa7a00000, 0xb3600000)
  eden space 98048K, 100% used [0x9e080000,0xa4040000,0xa4040000)
  from space 9472K, 99% used [0xa70c0000,0xa79e8848,0xa7a00000)
  to   space 23296K, 0% used [0xa4c80000,0xa4c80000,0xa6340000)
 ParOldGen       total 59648K, used 16258K [0x73600000, 0x77040000, 0x9e080000)
  object space 59648K, 27% used [0x73600000,0x745e08f8,0x77040000)
 PSPermGen       total 16384K, used 4396K [0x6f600000, 0x70600000, 0x73600000)
  object space 16384K, 26% used [0x6f600000,0x6fa4b258,0x70600000)
Event: 2,877 GC heap after
Heap after GC invocations=8 (full 1):
 PSYoungGen      total 133888K, used 8956K [0x9e080000, 0xaa040000, 0xb3600000)
  eden space 110592K, 0% used [0x9e080000,0x9e080000,0xa4c80000)
  from space 23296K, 38% used [0xa4c80000,0xa553f108,0xa6340000)
  to   space 22016K, 0% used [0xa8ac0000,0xa8ac0000,0xaa040000)
 ParOldGen       total 59648K, used 16258K [0x73600000, 0x77040000, 0x9e080000)
  object space 59648K, 27% used [0x73600000,0x745e08f8,0x77040000)
 PSPermGen       total 16384K, used 4396K [0x6f600000, 0x70600000, 0x73600000)
  object space 16384K, 26% used [0x6f600000,0x6fa4b258,0x70600000)
}
Event: 3,273 GC heap before
{Heap before GC invocations=9 (full 1):
 PSYoungGen      total 133888K, used 119548K [0x9e080000, 0xaa040000, 0xb3600000)
  eden space 110592K, 100% used [0x9e080000,0xa4c80000,0xa4c80000)
  from space 23296K, 38% used [0xa4c80000,0xa553f108,0xa6340000)
  to   space 22016K, 0% used [0xa8ac0000,0xa8ac0000,0xaa040000)
 ParOldGen       total 59648K, used 16258K [0x73600000, 0x77040000, 0x9e080000)
  object space 59648K, 27% used [0x73600000,0x745e08f8,0x77040000)
 PSPermGen       total 16384K, used 4454K [0x6f600000, 0x70600000, 0x73600000)
  object space 16384K, 27% used [0x6f600000,0x6fa59ad0,0x70600000)

