# JRE version: Java(TM) SE Runtime Environment (7.0_45-b18) (build 1.7.0_45-b18)
# Java VM: Java HotSpot(TM) Server VM (24.45-b08 mixed mode linux-x86 )
Heap
 PSYoungGen      total 139008K, used 16336K [0x9df80000, 0xa7a80000, 0xb3500000)
  eden space 121088K, 0% used [0x9df80000,0x9df80000,0xa55c0000)
  from space 17920K, 91% used [0xa55c0000,0xa65b4360,0xa6740000)
  to   space 16128K, 0% used [0xa6740000,0xa6740000,0xa7700000)
 ParOldGen       total 43264K, used 30174K [0x73500000, 0x75f40000, 0x9df80000)
  object space 43264K, 69% used [0x73500000,0x75277918,0x75f40000)
 PSPermGen       total 16384K, used 4397K [0x6f500000, 0x70500000, 0x73500000)
  object space 16384K, 26% used [0x6f500000,0x6f94b658,0x70500000)
GC Heap History (10 events):
Event: 2,864 GC heap after
Heap after GC invocations=5 (full 0):
 PSYoungGen      total 33280K, used 2557K [0x9df80000, 0xa3480000, 0xb3500000)
  eden space 30720K, 0% used [0x9df80000,0x9df80000,0x9fd80000)
  from space 2560K, 99% used [0x9fd80000,0x9ffff518,0xa0000000)
  to   space 12800K, 0% used [0xa2800000,0xa2800000,0xa3480000)
 ParOldGen       total 40704K, used 24773K [0x73500000, 0x75cc0000, 0x9df80000)
  object space 40704K, 60% used [0x73500000,0x74d31448,0x75cc0000)
 PSPermGen       total 16384K, used 4378K [0x6f500000, 0x70500000, 0x73500000)
  object space 16384K, 26% used [0x6f500000,0x6f9468f8,0x70500000)
}
Event: 3,142 GC heap before
{Heap before GC invocations=6 (full 0):
 PSYoungGen      total 33280K, used 33277K [0x9df80000, 0xa3480000, 0xb3500000)
  eden space 30720K, 100% used [0x9df80000,0x9fd80000,0x9fd80000)
  from space 2560K, 99% used [0x9fd80000,0x9ffff518,0xa0000000)
  to   space 12800K, 0% used [0xa2800000,0xa2800000,0xa3480000)
 ParOldGen       total 40704K, used 24773K [0x73500000, 0x75cc0000, 0x9df80000)
  object space 40704K, 60% used [0x73500000,0x74d31448,0x75cc0000)
 PSPermGen       total 16384K, used 4385K [0x6f500000, 0x70500000, 0x73500000)
  object space 16384K, 26% used [0x6f500000,0x6f9487d0,0x70500000)
Event: 3,148 GC heap after
Heap after GC invocations=6 (full 0):
 PSYoungGen      total 72704K, used 7875K [0x9df80000, 0xa3300000, 0xb3500000)
  eden space 61440K, 0% used [0x9df80000,0x9df80000,0xa1b80000)
  from space 11264K, 69% used [0xa2800000,0xa2fb0ff8,0xa3300000)
  to   space 12032K, 0% used [0xa1b80000,0xa1b80000,0xa2740000)
 ParOldGen       total 40704K, used 24773K [0x73500000, 0x75cc0000, 0x9df80000)
  object space 40704K, 60% used [0x73500000,0x74d31448,0x75cc0000)
 PSPermGen       total 16384K, used 4385K [0x6f500000, 0x70500000, 0x73500000)
  object space 16384K, 26% used [0x6f500000,0x6f9487d0,0x70500000)
}
Event: 3,511 GC heap before
{Heap before GC invocations=7 (full 0):
 PSYoungGen      total 72704K, used 69315K [0x9df80000, 0xa3300000, 0xb3500000)
  eden space 61440K, 100% used [0x9df80000,0xa1b80000,0xa1b80000)
  from space 11264K, 69% used [0xa2800000,0xa2fb0ff8,0xa3300000)
  to   space 12032K, 0% used [0xa1b80000,0xa1b80000,0xa2740000)
 ParOldGen       total 40704K, used 24773K [0x73500000, 0x75cc0000, 0x9df80000)
  object space 40704K, 60% used [0x73500000,0x74d31448,0x75cc0000)
 PSPermGen       total 16384K, used 4393K [0x6f500000, 0x70500000, 0x73500000)
  object space 16384K, 26% used [0x6f500000,0x6f94a550,0x70500000)
Event: 3,522 GC heap after
Heap after GC invocations=7 (full 0):
 PSYoungGen      total 73472K, used 12018K [0x9df80000, 0xa7700000, 0xb3500000)
  eden space 61440K, 0% used [0x9df80000,0x9df80000,0xa1b80000)
  from space 12032K, 99% used [0xa1b80000,0xa273c9e8,0xa2740000)
  to   space 16128K, 0% used [0xa6740000,0xa6740000,0xa7700000)
 ParOldGen       total 40704K, used 29459K [0x73500000, 0x75cc0000, 0x9df80000)
  object space 40704K, 72% used [0x73500000,0x751c4f70,0x75cc0000)
 PSPermGen       total 16384K, used 4393K [0x6f500000, 0x70500000, 0x73500000)
  object space 16384K, 26% used [0x6f500000,0x6f94a550,0x70500000)
}
Event: 3,748 GC heap before
{Heap before GC invocations=8 (full 0):
 PSYoungGen      total 73472K, used 73458K [0x9df80000, 0xa7700000, 0xb3500000)
  eden space 61440K, 100% used [0x9df80000,0xa1b80000,0xa1b80000)
  from space 12032K, 99% used [0xa1b80000,0xa273c9e8,0xa2740000)
  to   space 16128K, 0% used [0xa6740000,0xa6740000,0xa7700000)
 ParOldGen       total 40704K, used 29459K [0x73500000, 0x75cc0000, 0x9df80000)
  object space 40704K, 72% used [0x73500000,0x751c4f70,0x75cc0000)
 PSPermGen       total 16384K, used 4395K [0x6f500000, 0x70500000, 0x73500000)
  object space 16384K, 26% used [0x6f500000,0x6f94aee0,0x70500000)
Event: 3,762 GC heap after
Heap after GC invocations=8 (full 0):
 PSYoungGen      total 137216K, used 15054K [0x9df80000, 0xa7a80000, 0xb3500000)
  eden space 121088K, 0% used [0x9df80000,0x9df80000,0xa55c0000)
  from space 16128K, 93% used [0xa6740000,0xa75f3b70,0xa7700000)
  to   space 17920K, 0% used [0xa55c0000,0xa55c0000,0xa6740000)
 ParOldGen       total 40704K, used 33966K [0x73500000, 0x75cc0000, 0x9df80000)
  object space 40704K, 83% used [0x73500000,0x7562ba18,0x75cc0000)
 PSPermGen       total 16384K, used 4395K [0x6f500000, 0x70500000, 0x73500000)
  object space 16384K, 26% used [0x6f500000,0x6f94aee0,0x70500000)
}
Event: 3,762 GC heap before
{Heap before GC invocations=9 (full 1):
 PSYoungGen      total 137216K, used 15054K [0x9df80000, 0xa7a80000, 0xb3500000)
  eden space 121088K, 0% used [0x9df80000,0x9df80000,0xa55c0000)
  from space 16128K, 93% used [0xa6740000,0xa75f3b70,0xa7700000)
  to   space 17920K, 0% used [0xa55c0000,0xa55c0000,0xa6740000)
 ParOldGen       total 40704K, used 33966K [0x73500000, 0x75cc0000, 0x9df80000)
  object space 40704K, 83% used [0x73500000,0x7562ba18,0x75cc0000)
 PSPermGen       total 16384K, used 4395K [0x6f500000, 0x70500000, 0x73500000)
  object space 16384K, 26% used [0x6f500000,0x6f94aee0,0x70500000)
Event: 3,805 GC heap after
Heap after GC invocations=9 (full 1):
 PSYoungGen      total 137216K, used 0K [0x9df80000, 0xa7a80000, 0xb3500000)
  eden space 121088K, 0% used [0x9df80000,0x9df80000,0xa55c0000)
  from space 16128K, 0% used [0xa6740000,0xa6740000,0xa7700000)
  to   space 17920K, 0% used [0xa55c0000,0xa55c0000,0xa6740000)
 ParOldGen       total 43264K, used 15240K [0x73500000, 0x75f40000, 0x9df80000)
  object space 43264K, 35% used [0x73500000,0x743e2258,0x75f40000)
 PSPermGen       total 16384K, used 4393K [0x6f500000, 0x70500000, 0x73500000)
  object space 16384K, 26% used [0x6f500000,0x6f94a7d8,0x70500000)
}
Event: 4,312 GC heap before
{Heap before GC invocations=10 (full 1):
 PSYoungGen      total 137216K, used 121088K [0x9df80000, 0xa7a80000, 0xb3500000)
  eden space 121088K, 100% used [0x9df80000,0xa55c0000,0xa55c0000)
  from space 16128K, 0% used [0xa6740000,0xa6740000,0xa7700000)
  to   space 17920K, 0% used [0xa55c0000,0xa55c0000,0xa6740000)
 ParOldGen       total 43264K, used 15240K [0x73500000, 0x75f40000, 0x9df80000)
  object space 43264K, 35% used [0x73500000,0x743e2258,0x75f40000)
 PSPermGen       total 16384K, used 4397K [0x6f500000, 0x70500000, 0x73500000)
  object space 16384K, 26% used [0x6f500000,0x6f94b658,0x70500000)

