# JRE version: Java(TM) SE Runtime Environment (7.0_45-b18) (build 1.7.0_45-b18)
# Java VM: Java HotSpot(TM) Server VM (24.45-b08 mixed mode linux-x86 )
Heap
 PSYoungGen      total 246272K, used 30344K [0x9df80000, 0xaf780000, 0xb3500000)
  eden space 211200K, 0% used [0x9df80000,0x9df80000,0xaadc0000)
  from space 35072K, 86% used [0xaadc0000,0xacb62240,0xad000000)
  to   space 31744K, 0% used [0xad000000,0xad000000,0xaef00000)
 ParOldGen       total 57600K, used 21949K [0x73500000, 0x76d40000, 0x9df80000)
  object space 57600K, 38% used [0x73500000,0x74a6f5a0,0x76d40000)
 PSPermGen       total 16384K, used 4505K [0x6f500000, 0x70500000, 0x73500000)
  object space 16384K, 27% used [0x6f500000,0x6f966590,0x70500000)
GC Heap History (10 events):
Event: 3,343 GC heap after
Heap after GC invocations=7 (full 1):
 PSYoungGen      total 120576K, used 21079K [0x9df80000, 0xa8200000, 0xb3500000)
  eden space 99328K, 0% used [0x9df80000,0x9df80000,0xa4080000)
  from space 21248K, 99% used [0xa6d40000,0xa81d5e48,0xa8200000)
  to   space 26880K, 0% used [0xa4d80000,0xa4d80000,0xa67c0000)
 ParOldGen       total 57600K, used 21945K [0x73500000, 0x76d40000, 0x9df80000)
  object space 57600K, 38% used [0x73500000,0x74a6e5a0,0x76d40000)
 PSPermGen       total 16384K, used 4492K [0x6f500000, 0x70500000, 0x73500000)
  object space 16384K, 27% used [0x6f500000,0x6f963388,0x70500000)
}
Event: 3,717 GC heap before
{Heap before GC invocations=8 (full 1):
 PSYoungGen      total 120576K, used 120407K [0x9df80000, 0xa8200000, 0xb3500000)
  eden space 99328K, 100% used [0x9df80000,0xa4080000,0xa4080000)
  from space 21248K, 99% used [0xa6d40000,0xa81d5e48,0xa8200000)
  to   space 26880K, 0% used [0xa4d80000,0xa4d80000,0xa67c0000)
 ParOldGen       total 57600K, used 21945K [0x73500000, 0x76d40000, 0x9df80000)
  object space 57600K, 38% used [0x73500000,0x74a6e5a0,0x76d40000)
 PSPermGen       total 16384K, used 4497K [0x6f500000, 0x70500000, 0x73500000)
  object space 16384K, 27% used [0x6f500000,0x6f9645d8,0x70500000)
Event: 3,726 GC heap after
Heap after GC invocations=8 (full 1):
 PSYoungGen      total 139520K, used 18691K [0x9df80000, 0xab380000, 0xb3500000)
  eden space 112640K, 0% used [0x9df80000,0x9df80000,0xa4d80000)
  from space 26880K, 69% used [0xa4d80000,0xa5fc0eb0,0xa67c0000)
  to   space 28672K, 0% used [0xa9780000,0xa9780000,0xab380000)
 ParOldGen       total 57600K, used 21945K [0x73500000, 0x76d40000, 0x9df80000)
  object space 57600K, 38% used [0x73500000,0x74a6e5a0,0x76d40000)
 PSPermGen       total 16384K, used 4497K [0x6f500000, 0x70500000, 0x73500000)
  object space 16384K, 27% used [0x6f500000,0x6f9645d8,0x70500000)
}
Event: 4,023 GC heap before
{Heap before GC invocations=9 (full 1):
 PSYoungGen      total 139520K, used 131331K [0x9df80000, 0xab380000, 0xb3500000)
  eden space 112640K, 100% used [0x9df80000,0xa4d80000,0xa4d80000)
  from space 26880K, 69% used [0xa4d80000,0xa5fc0eb0,0xa67c0000)
  to   space 28672K, 0% used [0xa9780000,0xa9780000,0xab380000)
 ParOldGen       total 57600K, used 21945K [0x73500000, 0x76d40000, 0x9df80000)
  object space 57600K, 38% used [0x73500000,0x74a6e5a0,0x76d40000)
 PSPermGen       total 16384K, used 4498K [0x6f500000, 0x70500000, 0x73500000)
  object space 16384K, 27% used [0x6f500000,0x6f9649b8,0x70500000)
Event: 4,029 GC heap after
Heap after GC invocations=9 (full 1):
 PSYoungGen      total 187648K, used 17990K [0x9df80000, 0xac8c0000, 0xb3500000)
  eden space 158976K, 0% used [0x9df80000,0x9df80000,0xa7ac0000)
  from space 28672K, 62% used [0xa9780000,0xaa911840,0xab380000)
  to   space 29440K, 0% used [0xa7ac0000,0xa7ac0000,0xa9780000)
 ParOldGen       total 57600K, used 21945K [0x73500000, 0x76d40000, 0x9df80000)
  object space 57600K, 38% used [0x73500000,0x74a6e5a0,0x76d40000)
 PSPermGen       total 16384K, used 4498K [0x6f500000, 0x70500000, 0x73500000)
  object space 16384K, 27% used [0x6f500000,0x6f9649b8,0x70500000)
}
Event: 4,496 GC heap before
{Heap before GC invocations=10 (full 1):
 PSYoungGen      total 187648K, used 176966K [0x9df80000, 0xac8c0000, 0xb3500000)
  eden space 158976K, 100% used [0x9df80000,0xa7ac0000,0xa7ac0000)
  from space 28672K, 62% used [0xa9780000,0xaa911840,0xab380000)
  to   space 29440K, 0% used [0xa7ac0000,0xa7ac0000,0xa9780000)
 ParOldGen       total 57600K, used 21945K [0x73500000, 0x76d40000, 0x9df80000)
  object space 57600K, 38% used [0x73500000,0x74a6e5a0,0x76d40000)
 PSPermGen       total 16384K, used 4501K [0x6f500000, 0x70500000, 0x73500000)
  object space 16384K, 27% used [0x6f500000,0x6f965488,0x70500000)
Event: 4,505 GC heap after
Heap after GC invocations=10 (full 1):
 PSYoungGen      total 188416K, used 23312K [0x9df80000, 0xaef00000, 0xb3500000)
  eden space 158976K, 0% used [0x9df80000,0x9df80000,0xa7ac0000)
  from space 29440K, 79% used [0xa7ac0000,0xa9184318,0xa9780000)
  to   space 31744K, 0% used [0xad000000,0xad000000,0xaef00000)
 ParOldGen       total 57600K, used 21949K [0x73500000, 0x76d40000, 0x9df80000)
  object space 57600K, 38% used [0x73500000,0x74a6f5a0,0x76d40000)
 PSPermGen       total 16384K, used 4501K [0x6f500000, 0x70500000, 0x73500000)
  object space 16384K, 27% used [0x6f500000,0x6f965488,0x70500000)
}
Event: 4,888 GC heap before
{Heap before GC invocations=11 (full 1):
 PSYoungGen      total 188416K, used 182288K [0x9df80000, 0xaef00000, 0xb3500000)
  eden space 158976K, 100% used [0x9df80000,0xa7ac0000,0xa7ac0000)
  from space 29440K, 79% used [0xa7ac0000,0xa9184318,0xa9780000)
  to   space 31744K, 0% used [0xad000000,0xad000000,0xaef00000)
 ParOldGen       total 57600K, used 21949K [0x73500000, 0x76d40000, 0x9df80000)
  object space 57600K, 38% used [0x73500000,0x74a6f5a0,0x76d40000)
 PSPermGen       total 16384K, used 4502K [0x6f500000, 0x70500000, 0x73500000)
  object space 16384K, 27% used [0x6f500000,0x6f965af0,0x70500000)
Event: 4,901 GC heap after
Heap after GC invocations=11 (full 1):
 PSYoungGen      total 242944K, used 27511K [0x9df80000, 0xaf780000, 0xb3500000)
  eden space 211200K, 0% used [0x9df80000,0x9df80000,0xaadc0000)
  from space 31744K, 86% used [0xad000000,0xaeaddc70,0xaef00000)
  to   space 35072K, 0% used [0xaadc0000,0xaadc0000,0xad000000)
 ParOldGen       total 57600K, used 21949K [0x73500000, 0x76d40000, 0x9df80000)
  object space 57600K, 38% used [0x73500000,0x74a6f5a0,0x76d40000)
 PSPermGen       total 16384K, used 4502K [0x6f500000, 0x70500000, 0x73500000)
  object space 16384K, 27% used [0x6f500000,0x6f965af0,0x70500000)
}
Event: 5,420 GC heap before
{Heap before GC invocations=12 (full 1):
 PSYoungGen      total 242944K, used 238711K [0x9df80000, 0xaf780000, 0xb3500000)
  eden space 211200K, 100% used [0x9df80000,0xaadc0000,0xaadc0000)
  from space 31744K, 86% used [0xad000000,0xaeaddc70,0xaef00000)
  to   space 35072K, 0% used [0xaadc0000,0xaadc0000,0xad000000)
 ParOldGen       total 57600K, used 21949K [0x73500000, 0x76d40000, 0x9df80000)
  object space 57600K, 38% used [0x73500000,0x74a6f5a0,0x76d40000)
 PSPermGen       total 16384K, used 4505K [0x6f500000, 0x70500000, 0x73500000)
  object space 16384K, 27% used [0x6f500000,0x6f966590,0x70500000)

