# JRE version: Java(TM) SE Runtime Environment (7.0_45-b18) (build 1.7.0_45-b18)
# Java VM: Java HotSpot(TM) Server VM (24.45-b08 mixed mode linux-x86 )
Heap
 PSYoungGen      total 64000K, used 2550K [0x9e000000, 0xa2100000, 0xb3580000)
  eden space 61440K, 0% used [0x9e000000,0x9e000000,0xa1c00000)
  from space 2560K, 99% used [0xa1c00000,0xa1e7d9d0,0xa1e80000)
  to   space 2560K, 0% used [0xa1e80000,0xa1e80000,0xa2100000)
 ParOldGen       total 40704K, used 24186K [0x73580000, 0x75d40000, 0x9e000000)
  object space 40704K, 59% used [0x73580000,0x74d1eb40,0x75d40000)
 PSPermGen       total 16384K, used 4388K [0x6f580000, 0x70580000, 0x73580000)
  object space 16384K, 26% used [0x6f580000,0x6f9c9198,0x70580000)
GC Heap History (9 events):
Event: 0,541 GC heap before
{Heap before GC invocations=1 (full 0):
 PSYoungGen      total 17920K, used 15360K [0x9e000000, 0x9f400000, 0xb3580000)
  eden space 15360K, 100% used [0x9e000000,0x9ef00000,0x9ef00000)
  from space 2560K, 0% used [0x9f180000,0x9f180000,0x9f400000)
  to   space 2560K, 0% used [0x9ef00000,0x9ef00000,0x9f180000)
 ParOldGen       total 40704K, used 0K [0x73580000, 0x75d40000, 0x9e000000)
  object space 40704K, 0% used [0x73580000,0x73580000,0x75d40000)
 PSPermGen       total 16384K, used 2643K [0x6f580000, 0x70580000, 0x73580000)
  object space 16384K, 16% used [0x6f580000,0x6f814fb0,0x70580000)
Event: 0,547 GC heap after
Heap after GC invocations=1 (full 0):
 PSYoungGen      total 17920K, used 2553K [0x9e000000, 0xa0300000, 0xb3580000)
  eden space 15360K, 0% used [0x9e000000,0x9e000000,0x9ef00000)
  from space 2560K, 99% used [0x9ef00000,0x9f17e580,0x9f180000)
  to   space 2560K, 0% used [0xa0080000,0xa0080000,0xa0300000)
 ParOldGen       total 40704K, used 2332K [0x73580000, 0x75d40000, 0x9e000000)
  object space 40704K, 5% used [0x73580000,0x737c7398,0x75d40000)
 PSPermGen       total 16384K, used 2643K [0x6f580000, 0x70580000, 0x73580000)
  object space 16384K, 16% used [0x6f580000,0x6f814fb0,0x70580000)
}
Event: 0,592 GC heap before
{Heap before GC invocations=2 (full 0):
 PSYoungGen      total 17920K, used 16881K [0x9e000000, 0xa0300000, 0xb3580000)
  eden space 15360K, 93% used [0x9e000000,0x9edfde98,0x9ef00000)
  from space 2560K, 99% used [0x9ef00000,0x9f17e580,0x9f180000)
  to   space 2560K, 0% used [0xa0080000,0xa0080000,0xa0300000)
 ParOldGen       total 40704K, used 2332K [0x73580000, 0x75d40000, 0x9e000000)
  object space 40704K, 5% used [0x73580000,0x737c7398,0x75d40000)
 PSPermGen       total 16384K, used 2809K [0x6f580000, 0x70580000, 0x73580000)
  object space 16384K, 17% used [0x6f580000,0x6f83e408,0x70580000)
Event: 0,605 GC heap after
Heap after GC invocations=2 (full 0):
 PSYoungGen      total 33280K, used 2555K [0x9e000000, 0xa0300000, 0xb3580000)
  eden space 30720K, 0% used [0x9e000000,0x9e000000,0x9fe00000)
  from space 2560K, 99% used [0xa0080000,0xa02feef0,0xa0300000)
  to   space 2560K, 0% used [0x9fe00000,0x9fe00000,0xa0080000)
 ParOldGen       total 40704K, used 5808K [0x73580000, 0x75d40000, 0x9e000000)
  object space 40704K, 14% used [0x73580000,0x73b2c320,0x75d40000)
 PSPermGen       total 16384K, used 2809K [0x6f580000, 0x70580000, 0x73580000)
  object space 16384K, 17% used [0x6f580000,0x6f83e408,0x70580000)
}
Event: 1,596 GC heap before
{Heap before GC invocations=3 (full 0):
 PSYoungGen      total 33280K, used 33275K [0x9e000000, 0xa0300000, 0xb3580000)
  eden space 30720K, 100% used [0x9e000000,0x9fe00000,0x9fe00000)
  from space 2560K, 99% used [0xa0080000,0xa02feef0,0xa0300000)
  to   space 2560K, 0% used [0x9fe00000,0x9fe00000,0xa0080000)
 ParOldGen       total 40704K, used 5808K [0x73580000, 0x75d40000, 0x9e000000)
  object space 40704K, 14% used [0x73580000,0x73b2c320,0x75d40000)
 PSPermGen       total 16384K, used 4359K [0x6f580000, 0x70580000, 0x73580000)
  object space 16384K, 26% used [0x6f580000,0x6f9c1e30,0x70580000)
Event: 1,606 GC heap after
Heap after GC invocations=3 (full 0):
 PSYoungGen      total 33280K, used 2549K [0x9e000000, 0xa2100000, 0xb3580000)
  eden space 30720K, 0% used [0x9e000000,0x9e000000,0x9fe00000)
  from space 2560K, 99% used [0x9fe00000,0xa007d668,0xa0080000)
  to   space 2560K, 0% used [0xa1e80000,0xa1e80000,0xa2100000)
 ParOldGen       total 40704K, used 10714K [0x73580000, 0x75d40000, 0x9e000000)
  object space 40704K, 26% used [0x73580000,0x73ff69c8,0x75d40000)
 PSPermGen       total 16384K, used 4359K [0x6f580000, 0x70580000, 0x73580000)
  object space 16384K, 26% used [0x6f580000,0x6f9c1e30,0x70580000)
}
Event: 1,919 GC heap before
{Heap before GC invocations=4 (full 0):
 PSYoungGen      total 33280K, used 33269K [0x9e000000, 0xa2100000, 0xb3580000)
  eden space 30720K, 100% used [0x9e000000,0x9fe00000,0x9fe00000)
  from space 2560K, 99% used [0x9fe00000,0xa007d668,0xa0080000)
  to   space 2560K, 0% used [0xa1e80000,0xa1e80000,0xa2100000)
 ParOldGen       total 40704K, used 10714K [0x73580000, 0x75d40000, 0x9e000000)
  object space 40704K, 26% used [0x73580000,0x73ff69c8,0x75d40000)
 PSPermGen       total 16384K, used 4378K [0x6f580000, 0x70580000, 0x73580000)
  object space 16384K, 26% used [0x6f580000,0x6f9c6ad8,0x70580000)
Event: 2,149 GC heap after
Heap after GC invocations=4 (full 0):
 PSYoungGen      total 64000K, used 2550K [0x9e000000, 0xa2100000, 0xb3580000)
  eden space 61440K, 0% used [0x9e000000,0x9e000000,0xa1c00000)
  from space 2560K, 99% used [0xa1e80000,0xa20fd9d0,0xa2100000)
  to   space 2560K, 0% used [0xa1c00000,0xa1c00000,0xa1e80000)
 ParOldGen       total 40704K, used 19112K [0x73580000, 0x75d40000, 0x9e000000)
  object space 40704K, 46% used [0x73580000,0x7482a110,0x75d40000)
 PSPermGen       total 16384K, used 4378K [0x6f580000, 0x70580000, 0x73580000)
  object space 16384K, 26% used [0x6f580000,0x6f9c6ad8,0x70580000)
}
Event: 3,182 GC heap before
{Heap before GC invocations=5 (full 0):
 PSYoungGen      total 64000K, used 61509K [0x9e000000, 0xa2100000, 0xb3580000)
  eden space 61440K, 95% used [0x9e000000,0xa1993c20,0xa1c00000)
  from space 2560K, 99% used [0xa1e80000,0xa20fd9d0,0xa2100000)
  to   space 2560K, 0% used [0xa1c00000,0xa1c00000,0xa1e80000)
 ParOldGen       total 40704K, used 19112K [0x73580000, 0x75d40000, 0x9e000000)
  object space 40704K, 46% used [0x73580000,0x7482a110,0x75d40000)
 PSPermGen       total 16384K, used 4388K [0x6f580000, 0x70580000, 0x73580000)
  object space 16384K, 26% used [0x6f580000,0x6f9c9198,0x70580000)

