# JRE version: Java(TM) SE Runtime Environment (7.0_45-b18) (build 1.7.0_45-b18)
# Java VM: Java HotSpot(TM) Server VM (24.45-b08 mixed mode linux-x86 )
Heap
 PSYoungGen      total 74496K, used 12966K [0x9df80000, 0xa3500000, 0xb3500000)
  eden space 61440K, 0% used [0x9df80000,0x9df80000,0xa1b80000)
  from space 13056K, 99% used [0xa1b80000,0xa2829bf0,0xa2840000)
  to   space 12032K, 0% used [0xa2940000,0xa2940000,0xa3500000)
 ParOldGen       total 45312K, used 41084K [0x73500000, 0x76140000, 0x9df80000)
  object space 45312K, 90% used [0x73500000,0x75d1f2c8,0x76140000)
 PSPermGen       total 16384K, used 4534K [0x6f500000, 0x70500000, 0x73500000)
  object space 16384K, 27% used [0x6f500000,0x6f96db60,0x70500000)
GC Heap History (10 events):
Event: 2,075 GC heap after
Heap after GC invocations=2 (full 0):
 PSYoungGen      total 17920K, used 2546K [0x9df80000, 0xa0280000, 0xb3500000)
  eden space 15360K, 0% used [0x9df80000,0x9df80000,0x9ee80000)
  from space 2560K, 99% used [0x9f100000,0x9f37c808,0x9f380000)
  to   space 2560K, 0% used [0x9ee80000,0x9ee80000,0x9f100000)
 ParOldGen       total 40704K, used 9523K [0x73500000, 0x75cc0000, 0x9df80000)
  object space 40704K, 23% used [0x73500000,0x73e4cdc0,0x75cc0000)
 PSPermGen       total 16384K, used 2803K [0x6f500000, 0x70500000, 0x73500000)
  object space 16384K, 17% used [0x6f500000,0x6f7bcc40,0x70500000)
}
Event: 2,893 GC heap before
{Heap before GC invocations=3 (full 0):
 PSYoungGen      total 17920K, used 17906K [0x9df80000, 0xa0280000, 0xb3500000)
  eden space 15360K, 100% used [0x9df80000,0x9ee80000,0x9ee80000)
  from space 2560K, 99% used [0x9f100000,0x9f37c808,0x9f380000)
  to   space 2560K, 0% used [0x9ee80000,0x9ee80000,0x9f100000)
 ParOldGen       total 40704K, used 9523K [0x73500000, 0x75cc0000, 0x9df80000)
  object space 40704K, 23% used [0x73500000,0x73e4cdc0,0x75cc0000)
 PSPermGen       total 16384K, used 3424K [0x6f500000, 0x70500000, 0x73500000)
  object space 16384K, 20% used [0x6f500000,0x6f8580b8,0x70500000)
Event: 2,905 GC heap after
Heap after GC invocations=3 (full 0):
 PSYoungGen      total 17920K, used 2550K [0x9df80000, 0xa0280000, 0xb3500000)
  eden space 15360K, 0% used [0x9df80000,0x9df80000,0x9ee80000)
  from space 2560K, 99% used [0x9ee80000,0x9f0fd870,0x9f100000)
  to   space 2560K, 0% used [0xa0000000,0xa0000000,0xa0280000)
 ParOldGen       total 40704K, used 12629K [0x73500000, 0x75cc0000, 0x9df80000)
  object space 40704K, 31% used [0x73500000,0x74155680,0x75cc0000)
 PSPermGen       total 16384K, used 3424K [0x6f500000, 0x70500000, 0x73500000)
  object space 16384K, 20% used [0x6f500000,0x6f8580b8,0x70500000)
}
Event: 3,523 GC heap before
{Heap before GC invocations=4 (full 0):
 PSYoungGen      total 17920K, used 17910K [0x9df80000, 0xa0280000, 0xb3500000)
  eden space 15360K, 100% used [0x9df80000,0x9ee80000,0x9ee80000)
  from space 2560K, 99% used [0x9ee80000,0x9f0fd870,0x9f100000)
  to   space 2560K, 0% used [0xa0000000,0xa0000000,0xa0280000)
 ParOldGen       total 40704K, used 12629K [0x73500000, 0x75cc0000, 0x9df80000)
  object space 40704K, 31% used [0x73500000,0x74155680,0x75cc0000)
 PSPermGen       total 16384K, used 3496K [0x6f500000, 0x70500000, 0x73500000)
  object space 16384K, 21% used [0x6f500000,0x6f86a398,0x70500000)
Event: 3,552 GC heap after
Heap after GC invocations=4 (full 0):
 PSYoungGen      total 33280K, used 2555K [0x9df80000, 0xa0280000, 0xb3500000)
  eden space 30720K, 0% used [0x9df80000,0x9df80000,0x9fd80000)
  from space 2560K, 99% used [0xa0000000,0xa027ec80,0xa0280000)
  to   space 2560K, 0% used [0x9fd80000,0x9fd80000,0xa0000000)
 ParOldGen       total 40704K, used 15344K [0x73500000, 0x75cc0000, 0x9df80000)
  object space 40704K, 37% used [0x73500000,0x743fc390,0x75cc0000)
 PSPermGen       total 16384K, used 3496K [0x6f500000, 0x70500000, 0x73500000)
  object space 16384K, 21% used [0x6f500000,0x6f86a398,0x70500000)
}
Event: 7,416 GC heap before
{Heap before GC invocations=5 (full 0):
 PSYoungGen      total 33280K, used 33275K [0x9df80000, 0xa0280000, 0xb3500000)
  eden space 30720K, 100% used [0x9df80000,0x9fd80000,0x9fd80000)
  from space 2560K, 99% used [0xa0000000,0xa027ec80,0xa0280000)
  to   space 2560K, 0% used [0x9fd80000,0x9fd80000,0xa0000000)
 ParOldGen       total 40704K, used 15344K [0x73500000, 0x75cc0000, 0x9df80000)
  object space 40704K, 37% used [0x73500000,0x743fc390,0x75cc0000)
 PSPermGen       total 16384K, used 4192K [0x6f500000, 0x70500000, 0x73500000)
  object space 16384K, 25% used [0x6f500000,0x6f918348,0x70500000)
Event: 7,439 GC heap after
Heap after GC invocations=5 (full 0):
 PSYoungGen      total 33280K, used 2544K [0x9df80000, 0xa3700000, 0xb3500000)
  eden space 30720K, 0% used [0x9df80000,0x9df80000,0x9fd80000)
  from space 2560K, 99% used [0x9fd80000,0x9fffc070,0xa0000000)
  to   space 14080K, 0% used [0xa2940000,0xa2940000,0xa3700000)
 ParOldGen       total 40704K, used 27188K [0x73500000, 0x75cc0000, 0x9df80000)
  object space 40704K, 66% used [0x73500000,0x74f8d248,0x75cc0000)
 PSPermGen       total 16384K, used 4192K [0x6f500000, 0x70500000, 0x73500000)
  object space 16384K, 25% used [0x6f500000,0x6f918348,0x70500000)
}
Event: 8,147 GC heap before
{Heap before GC invocations=6 (full 0):
 PSYoungGen      total 33280K, used 30790K [0x9df80000, 0xa3700000, 0xb3500000)
  eden space 30720K, 91% used [0x9df80000,0x9fb15868,0x9fd80000)
  from space 2560K, 99% used [0x9fd80000,0x9fffc070,0xa0000000)
  to   space 14080K, 0% used [0xa2940000,0xa2940000,0xa3700000)
 ParOldGen       total 40704K, used 27188K [0x73500000, 0x75cc0000, 0x9df80000)
  object space 40704K, 66% used [0x73500000,0x74f8d248,0x75cc0000)
 PSPermGen       total 16384K, used 4518K [0x6f500000, 0x70500000, 0x73500000)
  object space 16384K, 27% used [0x6f500000,0x6f969a70,0x70500000)
Event: 8,156 GC heap after
Heap after GC invocations=6 (full 0):
 PSYoungGen      total 73472K, used 5715K [0x9df80000, 0xa3500000, 0xb3500000)
  eden space 61440K, 0% used [0x9df80000,0x9df80000,0xa1b80000)
  from space 12032K, 47% used [0xa2940000,0xa2ed4db0,0xa3500000)
  to   space 13056K, 0% used [0xa1b80000,0xa1b80000,0xa2840000)
 ParOldGen       total 40704K, used 27188K [0x73500000, 0x75cc0000, 0x9df80000)
  object space 40704K, 66% used [0x73500000,0x74f8d248,0x75cc0000)
 PSPermGen       total 16384K, used 4518K [0x6f500000, 0x70500000, 0x73500000)
  object space 16384K, 27% used [0x6f500000,0x6f969a70,0x70500000)
}
Event: 8,925 GC heap before
{Heap before GC invocations=7 (full 0):
 PSYoungGen      total 73472K, used 67155K [0x9df80000, 0xa3500000, 0xb3500000)
  eden space 61440K, 100% used [0x9df80000,0xa1b80000,0xa1b80000)
  from space 12032K, 47% used [0xa2940000,0xa2ed4db0,0xa3500000)
  to   space 13056K, 0% used [0xa1b80000,0xa1b80000,0xa2840000)
 ParOldGen       total 40704K, used 27188K [0x73500000, 0x75cc0000, 0x9df80000)
  object space 40704K, 66% used [0x73500000,0x74f8d248,0x75cc0000)
 PSPermGen       total 16384K, used 4534K [0x6f500000, 0x70500000, 0x73500000)
  object space 16384K, 27% used [0x6f500000,0x6f96db60,0x70500000)

