# JRE version: Java(TM) SE Runtime Environment (7.0_45-b18) (build 1.7.0_45-b18)
# Java VM: Java HotSpot(TM) Server VM (24.45-b08 mixed mode linux-x86 )
Heap
 PSYoungGen      total 268032K, used 20732K [0x9e040000, 0xb0fc0000, 0xb35c0000)
  eden space 247040K, 0% used [0x9e040000,0x9e040000,0xad180000)
  from space 20992K, 98% used [0xad180000,0xae5bf220,0xae600000)
  to   space 19200K, 0% used [0xae600000,0xae600000,0xaf8c0000)
 ParOldGen       total 64512K, used 34902K [0x735c0000, 0x774c0000, 0x9e040000)
  object space 64512K, 54% used [0x735c0000,0x757d5bf8,0x774c0000)
 PSPermGen       total 16384K, used 4592K [0x6f5c0000, 0x705c0000, 0x735c0000)
  object space 16384K, 28% used [0x6f5c0000,0x6fa3c0f8,0x705c0000)
GC Heap History (10 events):
Event: 6,755 GC heap after
Heap after GC invocations=10 (full 1):
 PSYoungGen      total 138496K, used 0K [0x9e040000, 0xac2c0000, 0xb35c0000)
  eden space 122880K, 0% used [0x9e040000,0x9e040000,0xa5840000)
  from space 15616K, 0% used [0xa5840000,0xa5840000,0xa6780000)
  to   space 17664K, 0% used [0xab180000,0xab180000,0xac2c0000)
 ParOldGen       total 55552K, used 25169K [0x735c0000, 0x76c00000, 0x9e040000)
  object space 55552K, 45% used [0x735c0000,0x74e54428,0x76c00000)
 PSPermGen       total 16384K, used 4529K [0x6f5c0000, 0x705c0000, 0x735c0000)
  object space 16384K, 27% used [0x6f5c0000,0x6fa2c5e0,0x705c0000)
}
Event: 7,057 GC heap before
{Heap before GC invocations=11 (full 1):
 PSYoungGen      total 138496K, used 122525K [0x9e040000, 0xac2c0000, 0xb35c0000)
  eden space 122880K, 99% used [0x9e040000,0xa57e7730,0xa5840000)
  from space 15616K, 0% used [0xa5840000,0xa5840000,0xa6780000)
  to   space 17664K, 0% used [0xab180000,0xab180000,0xac2c0000)
 ParOldGen       total 55552K, used 25169K [0x735c0000, 0x76c00000, 0x9e040000)
  object space 55552K, 45% used [0x735c0000,0x74e54428,0x76c00000)
 PSPermGen       total 16384K, used 4531K [0x6f5c0000, 0x705c0000, 0x735c0000)
  object space 16384K, 27% used [0x6f5c0000,0x6fa2cf08,0x705c0000)
Event: 7,065 GC heap after
Heap after GC invocations=11 (full 1):
 PSYoungGen      total 186624K, used 10581K [0x9e040000, 0xabc00000, 0xb35c0000)
  eden space 175872K, 0% used [0x9e040000,0x9e040000,0xa8c00000)
  from space 10752K, 98% used [0xab180000,0xabbd5460,0xabc00000)
  to   space 17664K, 0% used [0xa9980000,0xa9980000,0xaaac0000)
 ParOldGen       total 55552K, used 25169K [0x735c0000, 0x76c00000, 0x9e040000)
  object space 55552K, 45% used [0x735c0000,0x74e54428,0x76c00000)
 PSPermGen       total 16384K, used 4531K [0x6f5c0000, 0x705c0000, 0x735c0000)
  object space 16384K, 27% used [0x6f5c0000,0x6fa2cf08,0x705c0000)
}
Event: 8,090 GC heap before
{Heap before GC invocations=12 (full 1):
 PSYoungGen      total 186624K, used 186453K [0x9e040000, 0xabc00000, 0xb35c0000)
  eden space 175872K, 100% used [0x9e040000,0xa8c00000,0xa8c00000)
  from space 10752K, 98% used [0xab180000,0xabbd5460,0xabc00000)
  to   space 17664K, 0% used [0xa9980000,0xa9980000,0xaaac0000)
 ParOldGen       total 55552K, used 25169K [0x735c0000, 0x76c00000, 0x9e040000)
  object space 55552K, 45% used [0x735c0000,0x74e54428,0x76c00000)
 PSPermGen       total 16384K, used 4533K [0x6f5c0000, 0x705c0000, 0x735c0000)
  object space 16384K, 27% used [0x6f5c0000,0x6fa2d6b0,0x705c0000)
Event: 8,103 GC heap after
Heap after GC invocations=12 (full 1):
 PSYoungGen      total 207360K, used 14942K [0x9e040000, 0xaf8c0000, 0xb35c0000)
  eden space 189696K, 0% used [0x9e040000,0x9e040000,0xa9980000)
  from space 17664K, 84% used [0xa9980000,0xaa817a10,0xaaac0000)
  to   space 19200K, 0% used [0xae600000,0xae600000,0xaf8c0000)
 ParOldGen       total 55552K, used 31294K [0x735c0000, 0x76c00000, 0x9e040000)
  object space 55552K, 56% used [0x735c0000,0x7544f858,0x76c00000)
 PSPermGen       total 16384K, used 4533K [0x6f5c0000, 0x705c0000, 0x735c0000)
  object space 16384K, 27% used [0x6f5c0000,0x6fa2d6b0,0x705c0000)
}
Event: 8,585 GC heap before
{Heap before GC invocations=13 (full 1):
 PSYoungGen      total 207360K, used 204638K [0x9e040000, 0xaf8c0000, 0xb35c0000)
  eden space 189696K, 100% used [0x9e040000,0xa9980000,0xa9980000)
  from space 17664K, 84% used [0xa9980000,0xaa817a10,0xaaac0000)
  to   space 19200K, 0% used [0xae600000,0xae600000,0xaf8c0000)
 ParOldGen       total 55552K, used 31294K [0x735c0000, 0x76c00000, 0x9e040000)
  object space 55552K, 56% used [0x735c0000,0x7544f858,0x76c00000)
 PSPermGen       total 16384K, used 4535K [0x6f5c0000, 0x705c0000, 0x735c0000)
  object space 16384K, 27% used [0x6f5c0000,0x6fa2dd40,0x705c0000)
Event: 8,597 GC heap after
Heap after GC invocations=13 (full 1):
 PSYoungGen      total 266240K, used 16733K [0x9e040000, 0xb0fc0000, 0xb35c0000)
  eden space 247040K, 0% used [0x9e040000,0x9e040000,0xad180000)
  from space 19200K, 87% used [0xae600000,0xaf657688,0xaf8c0000)
  to   space 20992K, 0% used [0xad180000,0xad180000,0xae600000)
 ParOldGen       total 55552K, used 43687K [0x735c0000, 0x76c00000, 0x9e040000)
  object space 55552K, 78% used [0x735c0000,0x76069e68,0x76c00000)
 PSPermGen       total 16384K, used 4535K [0x6f5c0000, 0x705c0000, 0x735c0000)
  object space 16384K, 27% used [0x6f5c0000,0x6fa2dd40,0x705c0000)
}
Event: 8,597 GC heap before
{Heap before GC invocations=14 (full 2):
 PSYoungGen      total 266240K, used 16733K [0x9e040000, 0xb0fc0000, 0xb35c0000)
  eden space 247040K, 0% used [0x9e040000,0x9e040000,0xad180000)
  from space 19200K, 87% used [0xae600000,0xaf657688,0xaf8c0000)
  to   space 20992K, 0% used [0xad180000,0xad180000,0xae600000)
 ParOldGen       total 55552K, used 43687K [0x735c0000, 0x76c00000, 0x9e040000)
  object space 55552K, 78% used [0x735c0000,0x76069e68,0x76c00000)
 PSPermGen       total 16384K, used 4535K [0x6f5c0000, 0x705c0000, 0x735c0000)
  object space 16384K, 27% used [0x6f5c0000,0x6fa2dd40,0x705c0000)
Event: 8,635 GC heap after
Heap after GC invocations=14 (full 2):
 PSYoungGen      total 266240K, used 0K [0x9e040000, 0xb0fc0000, 0xb35c0000)
  eden space 247040K, 0% used [0x9e040000,0x9e040000,0xad180000)
  from space 19200K, 0% used [0xae600000,0xae600000,0xaf8c0000)
  to   space 20992K, 0% used [0xad180000,0xad180000,0xae600000)
 ParOldGen       total 64512K, used 23317K [0x735c0000, 0x774c0000, 0x9e040000)
  object space 64512K, 36% used [0x735c0000,0x74c85668,0x774c0000)
 PSPermGen       total 16384K, used 4535K [0x6f5c0000, 0x705c0000, 0x735c0000)
  object space 16384K, 27% used [0x6f5c0000,0x6fa2dd40,0x705c0000)
}
Event: 9,324 GC heap before
{Heap before GC invocations=15 (full 2):
 PSYoungGen      total 266240K, used 247040K [0x9e040000, 0xb0fc0000, 0xb35c0000)
  eden space 247040K, 100% used [0x9e040000,0xad180000,0xad180000)
  from space 19200K, 0% used [0xae600000,0xae600000,0xaf8c0000)
  to   space 20992K, 0% used [0xad180000,0xad180000,0xae600000)
 ParOldGen       total 64512K, used 23317K [0x735c0000, 0x774c0000, 0x9e040000)
  object space 64512K, 36% used [0x735c0000,0x74c85668,0x774c0000)
 PSPermGen       total 16384K, used 4592K [0x6f5c0000, 0x705c0000, 0x735c0000)
  object space 16384K, 28% used [0x6f5c0000,0x6fa3c0f8,0x705c0000)

