# JRE version: Java(TM) SE Runtime Environment (7.0_45-b18) (build 1.7.0_45-b18)
# Java VM: Java HotSpot(TM) Server VM (24.45-b08 mixed mode linux-x86 )
Heap
 PSYoungGen      total 230912K, used 22073K [0x9df80000, 0xaf240000, 0xb3500000)
  eden space 208640K, 0% used [0x9df80000,0x9df80000,0xaab40000)
  from space 22272K, 99% used [0xac6c0000,0xadc4e6d0,0xadc80000)
  to   space 18944K, 0% used [0xadfc0000,0xadfc0000,0xaf240000)
 ParOldGen       total 60416K, used 46903K [0x73500000, 0x77000000, 0x9df80000)
  object space 60416K, 77% used [0x73500000,0x762cdf58,0x77000000)
 PSPermGen       total 16384K, used 4455K [0x6f500000, 0x70500000, 0x73500000)
  object space 16384K, 27% used [0x6f500000,0x6f959c28,0x70500000)
GC Heap History (10 events):
Event: 1,965 GC heap after
Heap after GC invocations=5 (full 0):
 PSYoungGen      total 64000K, used 2143K [0x9df80000, 0xa7480000, 0xb3500000)
  eden space 61440K, 0% used [0x9df80000,0x9df80000,0xa1b80000)
  from space 2560K, 83% used [0xa1b80000,0xa1d97ee0,0xa1e00000)
  to   space 14848K, 0% used [0xa6600000,0xa6600000,0xa7480000)
 ParOldGen       total 40704K, used 27758K [0x73500000, 0x75cc0000, 0x9df80000)
  object space 40704K, 68% used [0x73500000,0x7501b808,0x75cc0000)
 PSPermGen       total 16384K, used 4384K [0x6f500000, 0x70500000, 0x73500000)
  object space 16384K, 26% used [0x6f500000,0x6f948010,0x70500000)
}
Event: 2,197 GC heap before
{Heap before GC invocations=6 (full 0):
 PSYoungGen      total 64000K, used 63583K [0x9df80000, 0xa7480000, 0xb3500000)
  eden space 61440K, 100% used [0x9df80000,0xa1b80000,0xa1b80000)
  from space 2560K, 83% used [0xa1b80000,0xa1d97ee0,0xa1e00000)
  to   space 14848K, 0% used [0xa6600000,0xa6600000,0xa7480000)
 ParOldGen       total 40704K, used 27758K [0x73500000, 0x75cc0000, 0x9df80000)
  object space 40704K, 68% used [0x73500000,0x7501b808,0x75cc0000)
 PSPermGen       total 16384K, used 4390K [0x6f500000, 0x70500000, 0x73500000)
  object space 16384K, 26% used [0x6f500000,0x6f9498c0,0x70500000)
Event: 2,203 GC heap after
Heap after GC invocations=6 (full 0):
 PSYoungGen      total 136448K, used 11065K [0x9df80000, 0xa7700000, 0xb3500000)
  eden space 121600K, 0% used [0x9df80000,0x9df80000,0xa5640000)
  from space 14848K, 74% used [0xa6600000,0xa70ce6e8,0xa7480000)
  to   space 16128K, 0% used [0xa5640000,0xa5640000,0xa6600000)
 ParOldGen       total 40704K, used 27758K [0x73500000, 0x75cc0000, 0x9df80000)
  object space 40704K, 68% used [0x73500000,0x7501b808,0x75cc0000)
 PSPermGen       total 16384K, used 4390K [0x6f500000, 0x70500000, 0x73500000)
  object space 16384K, 26% used [0x6f500000,0x6f9498c0,0x70500000)
}
Event: 2,702 GC heap before
{Heap before GC invocations=7 (full 0):
 PSYoungGen      total 136448K, used 132665K [0x9df80000, 0xa7700000, 0xb3500000)
  eden space 121600K, 100% used [0x9df80000,0xa5640000,0xa5640000)
  from space 14848K, 74% used [0xa6600000,0xa70ce6e8,0xa7480000)
  to   space 16128K, 0% used [0xa5640000,0xa5640000,0xa6600000)
 ParOldGen       total 40704K, used 27758K [0x73500000, 0x75cc0000, 0x9df80000)
  object space 40704K, 68% used [0x73500000,0x7501b808,0x75cc0000)
 PSPermGen       total 16384K, used 4394K [0x6f500000, 0x70500000, 0x73500000)
  object space 16384K, 26% used [0x6f500000,0x6f94aac8,0x70500000)
Event: 2,718 GC heap after
Heap after GC invocations=7 (full 0):
 PSYoungGen      total 137728K, used 16103K [0x9df80000, 0xaf280000, 0xb3500000)
  eden space 121600K, 0% used [0x9df80000,0x9df80000,0xa5640000)
  from space 16128K, 99% used [0xa5640000,0xa65f9db8,0xa6600000)
  to   space 19200K, 0% used [0xadfc0000,0xadfc0000,0xaf280000)
 ParOldGen       total 56064K, used 51017K [0x73500000, 0x76bc0000, 0x9df80000)
  object space 56064K, 90% used [0x73500000,0x766d25d0,0x76bc0000)
 PSPermGen       total 16384K, used 4394K [0x6f500000, 0x70500000, 0x73500000)
  object space 16384K, 26% used [0x6f500000,0x6f94aac8,0x70500000)
}
Event: 2,718 GC heap before
{Heap before GC invocations=8 (full 1):
 PSYoungGen      total 137728K, used 16103K [0x9df80000, 0xaf280000, 0xb3500000)
  eden space 121600K, 0% used [0x9df80000,0x9df80000,0xa5640000)
  from space 16128K, 99% used [0xa5640000,0xa65f9db8,0xa6600000)
  to   space 19200K, 0% used [0xadfc0000,0xadfc0000,0xaf280000)
 ParOldGen       total 56064K, used 51017K [0x73500000, 0x76bc0000, 0x9df80000)
  object space 56064K, 90% used [0x73500000,0x766d25d0,0x76bc0000)
 PSPermGen       total 16384K, used 4394K [0x6f500000, 0x70500000, 0x73500000)
  object space 16384K, 26% used [0x6f500000,0x6f94aac8,0x70500000)
Event: 2,752 GC heap after
Heap after GC invocations=8 (full 1):
 PSYoungGen      total 137728K, used 0K [0x9df80000, 0xaf280000, 0xb3500000)
  eden space 121600K, 0% used [0x9df80000,0x9df80000,0xa5640000)
  from space 16128K, 0% used [0xa5640000,0xa5640000,0xa6600000)
  to   space 19200K, 0% used [0xadfc0000,0xadfc0000,0xaf280000)
 ParOldGen       total 60416K, used 22023K [0x73500000, 0x77000000, 0x9df80000)
  object space 60416K, 36% used [0x73500000,0x74a81e80,0x77000000)
 PSPermGen       total 16384K, used 4392K [0x6f500000, 0x70500000, 0x73500000)
  object space 16384K, 26% used [0x6f500000,0x6f94a3c0,0x70500000)
}
Event: 3,089 GC heap before
{Heap before GC invocations=9 (full 1):
 PSYoungGen      total 137728K, used 121600K [0x9df80000, 0xaf280000, 0xb3500000)
  eden space 121600K, 100% used [0x9df80000,0xa5640000,0xa5640000)
  from space 16128K, 0% used [0xa5640000,0xa5640000,0xa6600000)
  to   space 19200K, 0% used [0xadfc0000,0xadfc0000,0xaf280000)
 ParOldGen       total 60416K, used 22023K [0x73500000, 0x77000000, 0x9df80000)
  object space 60416K, 36% used [0x73500000,0x74a81e80,0x77000000)
 PSPermGen       total 16384K, used 4451K [0x6f500000, 0x70500000, 0x73500000)
  object space 16384K, 27% used [0x6f500000,0x6f958e48,0x70500000)
Event: 3,099 GC heap after
Heap after GC invocations=9 (full 1):
 PSYoungGen      total 227584K, used 18744K [0x9df80000, 0xaf240000, 0xb3500000)
  eden space 208640K, 0% used [0x9df80000,0x9df80000,0xaab40000)
  from space 18944K, 98% used [0xadfc0000,0xaf20e050,0xaf240000)
  to   space 22272K, 0% used [0xac6c0000,0xac6c0000,0xadc80000)
 ParOldGen       total 60416K, used 27170K [0x73500000, 0x77000000, 0x9df80000)
  object space 60416K, 44% used [0x73500000,0x74f88a60,0x77000000)
 PSPermGen       total 16384K, used 4451K [0x6f500000, 0x70500000, 0x73500000)
  object space 16384K, 27% used [0x6f500000,0x6f958e48,0x70500000)
}
Event: 3,962 GC heap before
{Heap before GC invocations=10 (full 1):
 PSYoungGen      total 227584K, used 227384K [0x9df80000, 0xaf240000, 0xb3500000)
  eden space 208640K, 100% used [0x9df80000,0xaab40000,0xaab40000)
  from space 18944K, 98% used [0xadfc0000,0xaf20e050,0xaf240000)
  to   space 22272K, 0% used [0xac6c0000,0xac6c0000,0xadc80000)
 ParOldGen       total 60416K, used 27170K [0x73500000, 0x77000000, 0x9df80000)
  object space 60416K, 44% used [0x73500000,0x74f88a60,0x77000000)
 PSPermGen       total 16384K, used 4455K [0x6f500000, 0x70500000, 0x73500000)
  object space 16384K, 27% used [0x6f500000,0x6f959c28,0x70500000)

