# JRE version: Java(TM) SE Runtime Environment (7.0_45-b18) (build 1.7.0_45-b18)
# Java VM: Java HotSpot(TM) Server VM (24.45-b08 mixed mode linux-x86 )
Heap
 PSYoungGen      total 135936K, used 25342K [0x9df80000, 0xa7fc0000, 0xb3500000)
  eden space 110592K, 0% used [0x9df80000,0x9df80000,0xa4b80000)
  from space 25344K, 99% used [0xa4b80000,0xa643f9d0,0xa6440000)
  to   space 23296K, 0% used [0xa6440000,0xa6440000,0xa7b00000)
 ParOldGen       total 61440K, used 23519K [0x73500000, 0x77100000, 0x9df80000)
  object space 61440K, 38% used [0x73500000,0x74bf7fc8,0x77100000)
 PSPermGen       total 16384K, used 4533K [0x6f500000, 0x70500000, 0x73500000)
  object space 16384K, 27% used [0x6f500000,0x6f96d690,0x70500000)
GC Heap History (10 events):
Event: 8,407 GC heap after
Heap after GC invocations=12 (full 1):
 PSYoungGen      total 73216K, used 12541K [0x9df80000, 0xa5580000, 0xb3500000)
  eden space 51200K, 0% used [0x9df80000,0x9df80000,0xa1180000)
  from space 22016K, 56% used [0xa1180000,0xa1dbf4a8,0xa2700000)
  to   space 22016K, 0% used [0xa4000000,0xa4000000,0xa5580000)
 ParOldGen       total 50176K, used 30547K [0x73500000, 0x76600000, 0x9df80000)
  object space 50176K, 60% used [0x73500000,0x752d4f10,0x76600000)
 PSPermGen       total 16384K, used 4527K [0x6f500000, 0x70500000, 0x73500000)
  object space 16384K, 27% used [0x6f500000,0x6f96beb0,0x70500000)
}
Event: 8,548 GC heap before
{Heap before GC invocations=13 (full 1):
 PSYoungGen      total 73216K, used 63741K [0x9df80000, 0xa5580000, 0xb3500000)
  eden space 51200K, 100% used [0x9df80000,0xa1180000,0xa1180000)
  from space 22016K, 56% used [0xa1180000,0xa1dbf4a8,0xa2700000)
  to   space 22016K, 0% used [0xa4000000,0xa4000000,0xa5580000)
 ParOldGen       total 50176K, used 30547K [0x73500000, 0x76600000, 0x9df80000)
  object space 50176K, 60% used [0x73500000,0x752d4f10,0x76600000)
 PSPermGen       total 16384K, used 4529K [0x6f500000, 0x70500000, 0x73500000)
  object space 16384K, 27% used [0x6f500000,0x6f96c7f8,0x70500000)
Event: 8,809 GC heap after
Heap after GC invocations=13 (full 1):
 PSYoungGen      total 96256K, used 19432K [0x9df80000, 0xa5cc0000, 0xb3500000)
  eden space 74240K, 0% used [0x9df80000,0x9df80000,0xa2800000)
  from space 22016K, 88% used [0xa4000000,0xa52fa310,0xa5580000)
  to   space 24576K, 0% used [0xa2800000,0xa2800000,0xa4000000)
 ParOldGen       total 50176K, used 41008K [0x73500000, 0x76600000, 0x9df80000)
  object space 50176K, 81% used [0x73500000,0x75d0c300,0x76600000)
 PSPermGen       total 16384K, used 4529K [0x6f500000, 0x70500000, 0x73500000)
  object space 16384K, 27% used [0x6f500000,0x6f96c7f8,0x70500000)
}
Event: 8,809 GC heap before
{Heap before GC invocations=14 (full 2):
 PSYoungGen      total 96256K, used 19432K [0x9df80000, 0xa5cc0000, 0xb3500000)
  eden space 74240K, 0% used [0x9df80000,0x9df80000,0xa2800000)
  from space 22016K, 88% used [0xa4000000,0xa52fa310,0xa5580000)
  to   space 24576K, 0% used [0xa2800000,0xa2800000,0xa4000000)
 ParOldGen       total 50176K, used 41008K [0x73500000, 0x76600000, 0x9df80000)
  object space 50176K, 81% used [0x73500000,0x75d0c300,0x76600000)
 PSPermGen       total 16384K, used 4529K [0x6f500000, 0x70500000, 0x73500000)
  object space 16384K, 27% used [0x6f500000,0x6f96c7f8,0x70500000)
Event: 8,841 GC heap after
Heap after GC invocations=14 (full 2):
 PSYoungGen      total 96256K, used 0K [0x9df80000, 0xa5cc0000, 0xb3500000)
  eden space 74240K, 0% used [0x9df80000,0x9df80000,0xa2800000)
  from space 22016K, 0% used [0xa4000000,0xa4000000,0xa5580000)
  to   space 24576K, 0% used [0xa2800000,0xa2800000,0xa4000000)
 ParOldGen       total 61440K, used 21455K [0x73500000, 0x77100000, 0x9df80000)
  object space 61440K, 34% used [0x73500000,0x749f3c88,0x77100000)
 PSPermGen       total 16384K, used 4529K [0x6f500000, 0x70500000, 0x73500000)
  object space 16384K, 27% used [0x6f500000,0x6f96c4d0,0x70500000)
}
Event: 9,087 GC heap before
{Heap before GC invocations=15 (full 2):
 PSYoungGen      total 96256K, used 74240K [0x9df80000, 0xa5cc0000, 0xb3500000)
  eden space 74240K, 100% used [0x9df80000,0xa2800000,0xa2800000)
  from space 22016K, 0% used [0xa4000000,0xa4000000,0xa5580000)
  to   space 24576K, 0% used [0xa2800000,0xa2800000,0xa4000000)
 ParOldGen       total 61440K, used 21455K [0x73500000, 0x77100000, 0x9df80000)
  object space 61440K, 34% used [0x73500000,0x749f3c88,0x77100000)
 PSPermGen       total 16384K, used 4531K [0x6f500000, 0x70500000, 0x73500000)
  object space 16384K, 27% used [0x6f500000,0x6f96cd50,0x70500000)
Event: 9,094 GC heap after
Heap after GC invocations=15 (full 2):
 PSYoungGen      total 98816K, used 9809K [0x9df80000, 0xa7b00000, 0xb3500000)
  eden space 74240K, 0% used [0x9df80000,0x9df80000,0xa2800000)
  from space 24576K, 39% used [0xa2800000,0xa3194740,0xa4000000)
  to   space 23296K, 0% used [0xa6440000,0xa6440000,0xa7b00000)
 ParOldGen       total 61440K, used 21455K [0x73500000, 0x77100000, 0x9df80000)
  object space 61440K, 34% used [0x73500000,0x749f3c88,0x77100000)
 PSPermGen       total 16384K, used 4531K [0x6f500000, 0x70500000, 0x73500000)
  object space 16384K, 27% used [0x6f500000,0x6f96cd50,0x70500000)
}
Event: 9,256 GC heap before
{Heap before GC invocations=16 (full 2):
 PSYoungGen      total 98816K, used 84049K [0x9df80000, 0xa7b00000, 0xb3500000)
  eden space 74240K, 100% used [0x9df80000,0xa2800000,0xa2800000)
  from space 24576K, 39% used [0xa2800000,0xa3194740,0xa4000000)
  to   space 23296K, 0% used [0xa6440000,0xa6440000,0xa7b00000)
 ParOldGen       total 61440K, used 21455K [0x73500000, 0x77100000, 0x9df80000)
  object space 61440K, 34% used [0x73500000,0x749f3c88,0x77100000)
 PSPermGen       total 16384K, used 4531K [0x6f500000, 0x70500000, 0x73500000)
  object space 16384K, 27% used [0x6f500000,0x6f96ce18,0x70500000)
Event: 9,278 GC heap after
Heap after GC invocations=16 (full 2):
 PSYoungGen      total 133888K, used 19478K [0x9df80000, 0xa7fc0000, 0xb3500000)
  eden space 110592K, 0% used [0x9df80000,0x9df80000,0xa4b80000)
  from space 23296K, 83% used [0xa6440000,0xa7745b10,0xa7b00000)
  to   space 25344K, 0% used [0xa4b80000,0xa4b80000,0xa6440000)
 ParOldGen       total 61440K, used 22707K [0x73500000, 0x77100000, 0x9df80000)
  object space 61440K, 36% used [0x73500000,0x74b2cfb8,0x77100000)
 PSPermGen       total 16384K, used 4531K [0x6f500000, 0x70500000, 0x73500000)
  object space 16384K, 27% used [0x6f500000,0x6f96ce18,0x70500000)
}
Event: 9,623 GC heap before
{Heap before GC invocations=17 (full 2):
 PSYoungGen      total 133888K, used 130070K [0x9df80000, 0xa7fc0000, 0xb3500000)
  eden space 110592K, 100% used [0x9df80000,0xa4b80000,0xa4b80000)
  from space 23296K, 83% used [0xa6440000,0xa7745b10,0xa7b00000)
  to   space 25344K, 0% used [0xa4b80000,0xa4b80000,0xa6440000)
 ParOldGen       total 61440K, used 22707K [0x73500000, 0x77100000, 0x9df80000)
  object space 61440K, 36% used [0x73500000,0x74b2cfb8,0x77100000)
 PSPermGen       total 16384K, used 4533K [0x6f500000, 0x70500000, 0x73500000)
  object space 16384K, 27% used [0x6f500000,0x6f96d690,0x70500000)

