# JRE version: Java(TM) SE Runtime Environment (7.0_45-b18) (build 1.7.0_45-b18)
# Java VM: Java HotSpot(TM) Server VM (24.45-b08 mixed mode linux-x86 )
Heap
 PSYoungGen      total 270592K, used 14338K [0x9e040000, 0xb18c0000, 0xb35c0000)
  eden space 228096K, 0% used [0x9e040000,0x9e040000,0xabf00000)
  from space 42496K, 33% used [0xabf00000,0xacd00ab0,0xae880000)
  to   space 39168K, 0% used [0xae880000,0xae880000,0xb0ec0000)
 ParOldGen       total 66816K, used 20593K [0x735c0000, 0x77700000, 0x9e040000)
  object space 66816K, 30% used [0x735c0000,0x749dc5a0,0x77700000)
 PSPermGen       total 16384K, used 4537K [0x6f5c0000, 0x705c0000, 0x735c0000)
  object space 16384K, 27% used [0x6f5c0000,0x6fa2e7d8,0x705c0000)
GC Heap History (10 events):
Event: 4,089 GC heap after
Heap after GC invocations=7 (full 1):
 PSYoungGen      total 112384K, used 11804K [0x9e040000, 0xa8280000, 0xb35c0000)
  eden space 100352K, 0% used [0x9e040000,0x9e040000,0xa4240000)
  from space 12032K, 98% used [0xa76c0000,0xa82473c0,0xa8280000)
  to   space 28416K, 0% used [0xa4b00000,0xa4b00000,0xa66c0000)
 ParOldGen       total 66816K, used 20589K [0x735c0000, 0x77700000, 0x9e040000)
  object space 66816K, 30% used [0x735c0000,0x749db5a0,0x77700000)
 PSPermGen       total 16384K, used 4526K [0x6f5c0000, 0x705c0000, 0x735c0000)
  object space 16384K, 27% used [0x6f5c0000,0x6fa2ba08,0x705c0000)
}
Event: 4,501 GC heap before
{Heap before GC invocations=8 (full 1):
 PSYoungGen      total 112384K, used 112156K [0x9e040000, 0xa8280000, 0xb35c0000)
  eden space 100352K, 100% used [0x9e040000,0xa4240000,0xa4240000)
  from space 12032K, 98% used [0xa76c0000,0xa82473c0,0xa8280000)
  to   space 28416K, 0% used [0xa4b00000,0xa4b00000,0xa66c0000)
 ParOldGen       total 66816K, used 20589K [0x735c0000, 0x77700000, 0x9e040000)
  object space 66816K, 30% used [0x735c0000,0x749db5a0,0x77700000)
 PSPermGen       total 16384K, used 4530K [0x6f5c0000, 0x705c0000, 0x735c0000)
  object space 16384K, 27% used [0x6f5c0000,0x6fa2c9a8,0x705c0000)
Event: 4,524 GC heap after
Heap after GC invocations=8 (full 1):
 PSYoungGen      total 137728K, used 25629K [0x9e040000, 0xac540000, 0xb35c0000)
  eden space 109312K, 0% used [0x9e040000,0x9e040000,0xa4b00000)
  from space 28416K, 90% used [0xa4b00000,0xa6407438,0xa66c0000)
  to   space 33024K, 0% used [0xaa500000,0xaa500000,0xac540000)
 ParOldGen       total 66816K, used 20589K [0x735c0000, 0x77700000, 0x9e040000)
  object space 66816K, 30% used [0x735c0000,0x749db5a0,0x77700000)
 PSPermGen       total 16384K, used 4530K [0x6f5c0000, 0x705c0000, 0x735c0000)
  object space 16384K, 27% used [0x6f5c0000,0x6fa2c9a8,0x705c0000)
}
Event: 5,151 GC heap before
{Heap before GC invocations=9 (full 1):
 PSYoungGen      total 137728K, used 134941K [0x9e040000, 0xac540000, 0xb35c0000)
  eden space 109312K, 100% used [0x9e040000,0xa4b00000,0xa4b00000)
  from space 28416K, 90% used [0xa4b00000,0xa6407438,0xa66c0000)
  to   space 33024K, 0% used [0xaa500000,0xaa500000,0xac540000)
 ParOldGen       total 66816K, used 20589K [0x735c0000, 0x77700000, 0x9e040000)
  object space 66816K, 30% used [0x735c0000,0x749db5a0,0x77700000)
 PSPermGen       total 16384K, used 4531K [0x6f5c0000, 0x705c0000, 0x735c0000)
  object space 16384K, 27% used [0x6f5c0000,0x6fa2ccf8,0x705c0000)
Event: 5,161 GC heap after
Heap after GC invocations=9 (full 1):
 PSYoungGen      total 198400K, used 26522K [0x9e040000, 0xad680000, 0xb35c0000)
  eden space 165376K, 0% used [0x9e040000,0x9e040000,0xa81c0000)
  from space 33024K, 80% used [0xaa500000,0xabee6bc8,0xac540000)
  to   space 36096K, 0% used [0xa81c0000,0xa81c0000,0xaa500000)
 ParOldGen       total 66816K, used 20589K [0x735c0000, 0x77700000, 0x9e040000)
  object space 66816K, 30% used [0x735c0000,0x749db5a0,0x77700000)
 PSPermGen       total 16384K, used 4531K [0x6f5c0000, 0x705c0000, 0x735c0000)
  object space 16384K, 27% used [0x6f5c0000,0x6fa2ccf8,0x705c0000)
}
Event: 5,611 GC heap before
{Heap before GC invocations=10 (full 1):
 PSYoungGen      total 198400K, used 191898K [0x9e040000, 0xad680000, 0xb35c0000)
  eden space 165376K, 100% used [0x9e040000,0xa81c0000,0xa81c0000)
  from space 33024K, 80% used [0xaa500000,0xabee6bc8,0xac540000)
  to   space 36096K, 0% used [0xa81c0000,0xa81c0000,0xaa500000)
 ParOldGen       total 66816K, used 20589K [0x735c0000, 0x77700000, 0x9e040000)
  object space 66816K, 30% used [0x735c0000,0x749db5a0,0x77700000)
 PSPermGen       total 16384K, used 4533K [0x6f5c0000, 0x705c0000, 0x735c0000)
  object space 16384K, 27% used [0x6f5c0000,0x6fa2d638,0x705c0000)
Event: 5,630 GC heap after
Heap after GC invocations=10 (full 1):
 PSYoungGen      total 201472K, used 28952K [0x9e040000, 0xb0ec0000, 0xb35c0000)
  eden space 165376K, 0% used [0x9e040000,0x9e040000,0xa81c0000)
  from space 36096K, 80% used [0xa81c0000,0xa9e06180,0xaa500000)
  to   space 39168K, 0% used [0xae880000,0xae880000,0xb0ec0000)
 ParOldGen       total 66816K, used 20593K [0x735c0000, 0x77700000, 0x9e040000)
  object space 66816K, 30% used [0x735c0000,0x749dc5a0,0x77700000)
 PSPermGen       total 16384K, used 4533K [0x6f5c0000, 0x705c0000, 0x735c0000)
  object space 16384K, 27% used [0x6f5c0000,0x6fa2d638,0x705c0000)
}
Event: 6,066 GC heap before
{Heap before GC invocations=11 (full 1):
 PSYoungGen      total 201472K, used 191664K [0x9e040000, 0xb0ec0000, 0xb35c0000)
  eden space 165376K, 98% used [0x9e040000,0xa7f26148,0xa81c0000)
  from space 36096K, 80% used [0xa81c0000,0xa9e06180,0xaa500000)
  to   space 39168K, 0% used [0xae880000,0xae880000,0xb0ec0000)
 ParOldGen       total 66816K, used 20593K [0x735c0000, 0x77700000, 0x9e040000)
  object space 66816K, 30% used [0x735c0000,0x749dc5a0,0x77700000)
 PSPermGen       total 16384K, used 4535K [0x6f5c0000, 0x705c0000, 0x735c0000)
  object space 16384K, 27% used [0x6f5c0000,0x6fa2df60,0x705c0000)
Event: 6,092 GC heap after
Heap after GC invocations=11 (full 1):
 PSYoungGen      total 267264K, used 32366K [0x9e040000, 0xb18c0000, 0xb35c0000)
  eden space 228096K, 0% used [0x9e040000,0x9e040000,0xabf00000)
  from space 39168K, 82% used [0xae880000,0xb081bb20,0xb0ec0000)
  to   space 42496K, 0% used [0xabf00000,0xabf00000,0xae880000)
 ParOldGen       total 66816K, used 20593K [0x735c0000, 0x77700000, 0x9e040000)
  object space 66816K, 30% used [0x735c0000,0x749dc5a0,0x77700000)
 PSPermGen       total 16384K, used 4535K [0x6f5c0000, 0x705c0000, 0x735c0000)
  object space 16384K, 27% used [0x6f5c0000,0x6fa2df60,0x705c0000)
}
Event: 6,669 GC heap before
{Heap before GC invocations=12 (full 1):
 PSYoungGen      total 267264K, used 258370K [0x9e040000, 0xb18c0000, 0xb35c0000)
  eden space 228096K, 99% used [0x9e040000,0xabcf5030,0xabf00000)
  from space 39168K, 82% used [0xae880000,0xb081bb20,0xb0ec0000)
  to   space 42496K, 0% used [0xabf00000,0xabf00000,0xae880000)
 ParOldGen       total 66816K, used 20593K [0x735c0000, 0x77700000, 0x9e040000)
  object space 66816K, 30% used [0x735c0000,0x749dc5a0,0x77700000)
 PSPermGen       total 16384K, used 4537K [0x6f5c0000, 0x705c0000, 0x735c0000)
  object space 16384K, 27% used [0x6f5c0000,0x6fa2e7d8,0x705c0000)

