# JRE version: Java(TM) SE Runtime Environment (7.0_45-b18) (build 1.7.0_45-b18)
# Java VM: Java HotSpot(TM) Server VM (24.45-b08 mixed mode linux-x86 )
Heap
 PSYoungGen      total 222976K, used 31533K [0x9df80000, 0xadc40000, 0xb3500000)
  eden space 188416K, 0% used [0x9df80000,0x9df80000,0xa9780000)
  from space 34560K, 91% used [0xa9780000,0xab64b4b8,0xab940000)
  to   space 31488K, 0% used [0xab940000,0xab940000,0xad800000)
 ParOldGen       total 71168K, used 53870K [0x73500000, 0x77a80000, 0x9df80000)
  object space 71168K, 75% used [0x73500000,0x7699b9b8,0x77a80000)
 PSPermGen       total 16384K, used 4533K [0x6f500000, 0x70500000, 0x73500000)
  object space 16384K, 27% used [0x6f500000,0x6f96d410,0x70500000)
GC Heap History (10 events):
Event: 6,376 GC heap after
Heap after GC invocations=12 (full 1):
 PSYoungGen      total 117504K, used 18324K [0x9df80000, 0xa9380000, 0xb3500000)
  eden space 96512K, 0% used [0x9df80000,0x9df80000,0xa3dc0000)
  from space 20992K, 87% used [0xa3dc0000,0xa4fa5228,0xa5240000)
  to   space 23040K, 0% used [0xa7d00000,0xa7d00000,0xa9380000)
 ParOldGen       total 51968K, used 35905K [0x73500000, 0x767c0000, 0x9df80000)
  object space 51968K, 69% used [0x73500000,0x758104c8,0x767c0000)
 PSPermGen       total 16384K, used 4526K [0x6f500000, 0x70500000, 0x73500000)
  object space 16384K, 27% used [0x6f500000,0x6f96bba8,0x70500000)
}
Event: 6,657 GC heap before
{Heap before GC invocations=13 (full 1):
 PSYoungGen      total 117504K, used 114836K [0x9df80000, 0xa9380000, 0xb3500000)
  eden space 96512K, 100% used [0x9df80000,0xa3dc0000,0xa3dc0000)
  from space 20992K, 87% used [0xa3dc0000,0xa4fa5228,0xa5240000)
  to   space 23040K, 0% used [0xa7d00000,0xa7d00000,0xa9380000)
 ParOldGen       total 51968K, used 35905K [0x73500000, 0x767c0000, 0x9df80000)
  object space 51968K, 69% used [0x73500000,0x758104c8,0x767c0000)
 PSPermGen       total 16384K, used 4528K [0x6f500000, 0x70500000, 0x73500000)
  object space 16384K, 27% used [0x6f500000,0x6f96c330,0x70500000)
Event: 6,675 GC heap after
Heap after GC invocations=13 (full 1):
 PSYoungGen      total 158976K, used 20926K [0x9df80000, 0xa9a40000, 0xb3500000)
  eden space 135936K, 0% used [0x9df80000,0x9df80000,0xa6440000)
  from space 23040K, 90% used [0xa7d00000,0xa916fb58,0xa9380000)
  to   space 25344K, 0% used [0xa6440000,0xa6440000,0xa7d00000)
 ParOldGen       total 51968K, used 48188K [0x73500000, 0x767c0000, 0x9df80000)
  object space 51968K, 92% used [0x73500000,0x7640f1c8,0x767c0000)
 PSPermGen       total 16384K, used 4528K [0x6f500000, 0x70500000, 0x73500000)
  object space 16384K, 27% used [0x6f500000,0x6f96c330,0x70500000)
}
Event: 6,675 GC heap before
{Heap before GC invocations=14 (full 2):
 PSYoungGen      total 158976K, used 20926K [0x9df80000, 0xa9a40000, 0xb3500000)
  eden space 135936K, 0% used [0x9df80000,0x9df80000,0xa6440000)
  from space 23040K, 90% used [0xa7d00000,0xa916fb58,0xa9380000)
  to   space 25344K, 0% used [0xa6440000,0xa6440000,0xa7d00000)
 ParOldGen       total 51968K, used 48188K [0x73500000, 0x767c0000, 0x9df80000)
  object space 51968K, 92% used [0x73500000,0x7640f1c8,0x767c0000)
 PSPermGen       total 16384K, used 4528K [0x6f500000, 0x70500000, 0x73500000)
  object space 16384K, 27% used [0x6f500000,0x6f96c330,0x70500000)
Event: 7,153 GC heap after
Heap after GC invocations=14 (full 2):
 PSYoungGen      total 158976K, used 0K [0x9df80000, 0xa9a40000, 0xb3500000)
  eden space 135936K, 0% used [0x9df80000,0x9df80000,0xa6440000)
  from space 23040K, 0% used [0xa7d00000,0xa7d00000,0xa9380000)
  to   space 25344K, 0% used [0xa6440000,0xa6440000,0xa7d00000)
 ParOldGen       total 71168K, used 27630K [0x73500000, 0x77a80000, 0x9df80000)
  object space 71168K, 38% used [0x73500000,0x74ffb988,0x77a80000)
 PSPermGen       total 16384K, used 4528K [0x6f500000, 0x70500000, 0x73500000)
  object space 16384K, 27% used [0x6f500000,0x6f96c218,0x70500000)
}
Event: 7,480 GC heap before
{Heap before GC invocations=15 (full 2):
 PSYoungGen      total 158976K, used 135936K [0x9df80000, 0xa9a40000, 0xb3500000)
  eden space 135936K, 100% used [0x9df80000,0xa6440000,0xa6440000)
  from space 23040K, 0% used [0xa7d00000,0xa7d00000,0xa9380000)
  to   space 25344K, 0% used [0xa6440000,0xa6440000,0xa7d00000)
 ParOldGen       total 71168K, used 27630K [0x73500000, 0x77a80000, 0x9df80000)
  object space 71168K, 38% used [0x73500000,0x74ffb988,0x77a80000)
 PSPermGen       total 16384K, used 4530K [0x6f500000, 0x70500000, 0x73500000)
  object space 16384K, 27% used [0x6f500000,0x6f96c800,0x70500000)
Event: 7,930 GC heap after
Heap after GC invocations=15 (full 2):
 PSYoungGen      total 161280K, used 25330K [0x9df80000, 0xad800000, 0xb3500000)
  eden space 135936K, 0% used [0x9df80000,0x9df80000,0xa6440000)
  from space 25344K, 99% used [0xa6440000,0xa7cfcb98,0xa7d00000)
  to   space 31488K, 0% used [0xab940000,0xab940000,0xad800000)
 ParOldGen       total 71168K, used 34286K [0x73500000, 0x77a80000, 0x9df80000)
  object space 71168K, 48% used [0x73500000,0x7567ba40,0x77a80000)
 PSPermGen       total 16384K, used 4530K [0x6f500000, 0x70500000, 0x73500000)
  object space 16384K, 27% used [0x6f500000,0x6f96c800,0x70500000)
}
Event: 8,296 GC heap before
{Heap before GC invocations=16 (full 2):
 PSYoungGen      total 161280K, used 161266K [0x9df80000, 0xad800000, 0xb3500000)
  eden space 135936K, 100% used [0x9df80000,0xa6440000,0xa6440000)
  from space 25344K, 99% used [0xa6440000,0xa7cfcb98,0xa7d00000)
  to   space 31488K, 0% used [0xab940000,0xab940000,0xad800000)
 ParOldGen       total 71168K, used 34286K [0x73500000, 0x77a80000, 0x9df80000)
  object space 71168K, 48% used [0x73500000,0x7567ba40,0x77a80000)
 PSPermGen       total 16384K, used 4531K [0x6f500000, 0x70500000, 0x73500000)
  object space 16384K, 27% used [0x6f500000,0x6f96cda0,0x70500000)
Event: 8,315 GC heap after
Heap after GC invocations=16 (full 2):
 PSYoungGen      total 219904K, used 26447K [0x9df80000, 0xadc40000, 0xb3500000)
  eden space 188416K, 0% used [0x9df80000,0x9df80000,0xa9780000)
  from space 31488K, 83% used [0xab940000,0xad313c30,0xad800000)
  to   space 34560K, 0% used [0xa9780000,0xa9780000,0xab940000)
 ParOldGen       total 71168K, used 52652K [0x73500000, 0x77a80000, 0x9df80000)
  object space 71168K, 73% used [0x73500000,0x7686b168,0x77a80000)
 PSPermGen       total 16384K, used 4531K [0x6f500000, 0x70500000, 0x73500000)
  object space 16384K, 27% used [0x6f500000,0x6f96cda0,0x70500000)
}
Event: 8,791 GC heap before
{Heap before GC invocations=17 (full 2):
 PSYoungGen      total 219904K, used 214863K [0x9df80000, 0xadc40000, 0xb3500000)
  eden space 188416K, 100% used [0x9df80000,0xa9780000,0xa9780000)
  from space 31488K, 83% used [0xab940000,0xad313c30,0xad800000)
  to   space 34560K, 0% used [0xa9780000,0xa9780000,0xab940000)
 ParOldGen       total 71168K, used 52652K [0x73500000, 0x77a80000, 0x9df80000)
  object space 71168K, 73% used [0x73500000,0x7686b168,0x77a80000)
 PSPermGen       total 16384K, used 4533K [0x6f500000, 0x70500000, 0x73500000)
  object space 16384K, 27% used [0x6f500000,0x6f96d410,0x70500000)

