# JRE version: Java(TM) SE Runtime Environment (7.0_45-b18) (build 1.7.0_45-b18)
# Java VM: Java HotSpot(TM) Server VM (24.45-b08 mixed mode linux-x86 )
Heap
 PSYoungGen      total 73216K, used 9323K [0x9e080000, 0xa3380000, 0xb3600000)
  eden space 61440K, 0% used [0x9e080000,0x9e080000,0xa1c80000)
  from space 11776K, 79% used [0xa1c80000,0xa259af48,0xa2800000)
  to   space 11520K, 0% used [0xa2840000,0xa2840000,0xa3380000)
 ParOldGen       total 40704K, used 31352K [0x73600000, 0x75dc0000, 0x9e080000)
  object space 40704K, 77% used [0x73600000,0x7549e2b0,0x75dc0000)
 PSPermGen       total 16384K, used 4393K [0x6f600000, 0x70600000, 0x73600000)
  object space 16384K, 26% used [0x6f600000,0x6fa4a760,0x70600000)
GC Heap History (10 events):
Event: 1,251 GC heap after
Heap after GC invocations=2 (full 0):
 PSYoungGen      total 17920K, used 2556K [0x9e080000, 0xa0380000, 0xb3600000)
  eden space 15360K, 0% used [0x9e080000,0x9e080000,0x9ef80000)
  from space 2560K, 99% used [0x9f200000,0x9f47f3e0,0x9f480000)
  to   space 2560K, 0% used [0x9ef80000,0x9ef80000,0x9f200000)
 ParOldGen       total 40704K, used 5176K [0x73600000, 0x75dc0000, 0x9e080000)
  object space 40704K, 12% used [0x73600000,0x73b0e1f8,0x75dc0000)
 PSPermGen       total 16384K, used 3028K [0x6f600000, 0x70600000, 0x73600000)
  object space 16384K, 18% used [0x6f600000,0x6f8f52b0,0x70600000)
}
Event: 2,111 GC heap before
{Heap before GC invocations=3 (full 0):
 PSYoungGen      total 17920K, used 17916K [0x9e080000, 0xa0380000, 0xb3600000)
  eden space 15360K, 100% used [0x9e080000,0x9ef80000,0x9ef80000)
  from space 2560K, 99% used [0x9f200000,0x9f47f3e0,0x9f480000)
  to   space 2560K, 0% used [0x9ef80000,0x9ef80000,0x9f200000)
 ParOldGen       total 40704K, used 5176K [0x73600000, 0x75dc0000, 0x9e080000)
  object space 40704K, 12% used [0x73600000,0x73b0e1f8,0x75dc0000)
 PSPermGen       total 16384K, used 4322K [0x6f600000, 0x70600000, 0x73600000)
  object space 16384K, 26% used [0x6f600000,0x6fa38b60,0x70600000)
Event: 2,118 GC heap after
Heap after GC invocations=3 (full 0):
 PSYoungGen      total 17920K, used 2552K [0x9e080000, 0xa0380000, 0xb3600000)
  eden space 15360K, 0% used [0x9e080000,0x9e080000,0x9ef80000)
  from space 2560K, 99% used [0x9ef80000,0x9f1fe1b0,0x9f200000)
  to   space 2560K, 0% used [0xa0100000,0xa0100000,0xa0380000)
 ParOldGen       total 40704K, used 7896K [0x73600000, 0x75dc0000, 0x9e080000)
  object space 40704K, 19% used [0x73600000,0x73db6190,0x75dc0000)
 PSPermGen       total 16384K, used 4322K [0x6f600000, 0x70600000, 0x73600000)
  object space 16384K, 26% used [0x6f600000,0x6fa38b60,0x70600000)
}
Event: 2,455 GC heap before
{Heap before GC invocations=4 (full 0):
 PSYoungGen      total 17920K, used 17912K [0x9e080000, 0xa0380000, 0xb3600000)
  eden space 15360K, 100% used [0x9e080000,0x9ef80000,0x9ef80000)
  from space 2560K, 99% used [0x9ef80000,0x9f1fe1b0,0x9f200000)
  to   space 2560K, 0% used [0xa0100000,0xa0100000,0xa0380000)
 ParOldGen       total 40704K, used 7896K [0x73600000, 0x75dc0000, 0x9e080000)
  object space 40704K, 19% used [0x73600000,0x73db6190,0x75dc0000)
 PSPermGen       total 16384K, used 4359K [0x6f600000, 0x70600000, 0x73600000)
  object space 16384K, 26% used [0x6f600000,0x6fa41df8,0x70600000)
Event: 2,461 GC heap after
Heap after GC invocations=4 (full 0):
 PSYoungGen      total 33280K, used 2557K [0x9e080000, 0xa0380000, 0xb3600000)
  eden space 30720K, 0% used [0x9e080000,0x9e080000,0x9fe80000)
  from space 2560K, 99% used [0xa0100000,0xa037f490,0xa0380000)
  to   space 2560K, 0% used [0x9fe80000,0x9fe80000,0xa0100000)
 ParOldGen       total 40704K, used 13879K [0x73600000, 0x75dc0000, 0x9e080000)
  object space 40704K, 34% used [0x73600000,0x7438dfc0,0x75dc0000)
 PSPermGen       total 16384K, used 4359K [0x6f600000, 0x70600000, 0x73600000)
  object space 16384K, 26% used [0x6f600000,0x6fa41df8,0x70600000)
}
Event: 2,828 GC heap before
{Heap before GC invocations=5 (full 0):
 PSYoungGen      total 33280K, used 33277K [0x9e080000, 0xa0380000, 0xb3600000)
  eden space 30720K, 100% used [0x9e080000,0x9fe80000,0x9fe80000)
  from space 2560K, 99% used [0xa0100000,0xa037f490,0xa0380000)
  to   space 2560K, 0% used [0x9fe80000,0x9fe80000,0xa0100000)
 ParOldGen       total 40704K, used 13879K [0x73600000, 0x75dc0000, 0x9e080000)
  object space 40704K, 34% used [0x73600000,0x7438dfc0,0x75dc0000)
 PSPermGen       total 16384K, used 4378K [0x6f600000, 0x70600000, 0x73600000)
  object space 16384K, 26% used [0x6f600000,0x6fa46890,0x70600000)
Event: 2,837 GC heap after
Heap after GC invocations=5 (full 0):
 PSYoungGen      total 33280K, used 2558K [0x9e080000, 0xa3400000, 0xb3600000)
  eden space 30720K, 0% used [0x9e080000,0x9e080000,0x9fe80000)
  from space 2560K, 99% used [0x9fe80000,0xa00ffba0,0xa0100000)
  to   space 12032K, 0% used [0xa2840000,0xa2840000,0xa3400000)
 ParOldGen       total 40704K, used 23362K [0x73600000, 0x75dc0000, 0x9e080000)
  object space 40704K, 57% used [0x73600000,0x74cd0a08,0x75dc0000)
 PSPermGen       total 16384K, used 4378K [0x6f600000, 0x70600000, 0x73600000)
  object space 16384K, 26% used [0x6f600000,0x6fa46890,0x70600000)
}
Event: 3,044 GC heap before
{Heap before GC invocations=6 (full 0):
 PSYoungGen      total 33280K, used 33278K [0x9e080000, 0xa3400000, 0xb3600000)
  eden space 30720K, 100% used [0x9e080000,0x9fe80000,0x9fe80000)
  from space 2560K, 99% used [0x9fe80000,0xa00ffba0,0xa0100000)
  to   space 12032K, 0% used [0xa2840000,0xa2840000,0xa3400000)
 ParOldGen       total 40704K, used 23362K [0x73600000, 0x75dc0000, 0x9e080000)
  object space 40704K, 57% used [0x73600000,0x74cd0a08,0x75dc0000)
 PSPermGen       total 16384K, used 4385K [0x6f600000, 0x70600000, 0x73600000)
  object space 16384K, 26% used [0x6f600000,0x6fa48768,0x70600000)
Event: 3,054 GC heap after
Heap after GC invocations=6 (full 0):
 PSYoungGen      total 72960K, used 7966K [0x9e080000, 0xa3380000, 0xb3600000)
  eden space 61440K, 0% used [0x9e080000,0x9e080000,0xa1c80000)
  from space 11520K, 69% used [0xa2840000,0xa3007948,0xa3380000)
  to   space 11776K, 0% used [0xa1c80000,0xa1c80000,0xa2800000)
 ParOldGen       total 40704K, used 23362K [0x73600000, 0x75dc0000, 0x9e080000)
  object space 40704K, 57% used [0x73600000,0x74cd0a08,0x75dc0000)
 PSPermGen       total 16384K, used 4385K [0x6f600000, 0x70600000, 0x73600000)
  object space 16384K, 26% used [0x6f600000,0x6fa48768,0x70600000)
}
Event: 3,392 GC heap before
{Heap before GC invocations=7 (full 0):
 PSYoungGen      total 72960K, used 69406K [0x9e080000, 0xa3380000, 0xb3600000)
  eden space 61440K, 100% used [0x9e080000,0xa1c80000,0xa1c80000)
  from space 11520K, 69% used [0xa2840000,0xa3007948,0xa3380000)
  to   space 11776K, 0% used [0xa1c80000,0xa1c80000,0xa2800000)
 ParOldGen       total 40704K, used 23362K [0x73600000, 0x75dc0000, 0x9e080000)
  object space 40704K, 57% used [0x73600000,0x74cd0a08,0x75dc0000)
 PSPermGen       total 16384K, used 4393K [0x6f600000, 0x70600000, 0x73600000)
  object space 16384K, 26% used [0x6f600000,0x6fa4a760,0x70600000)

